This file contains any messages produced by compilers while
running configure, to aid debugging if configure makes a mistake.

It was created by nrn configure 7.3, which was
generated by GNU Autoconf 2.69.  Invocation command line was

  $ ./configure --prefix=/home/job/neuron/nrn --with-iv=/home/job/neuron/iv --with-nrnpython=/usr/bin/python

## --------- ##
## Platform. ##
## --------- ##

hostname = job-Inspiron-530
uname -m = x86_64
uname -r = 3.19.0-42-generic
uname -s = Linux
uname -v = #48-Ubuntu SMP Thu Dec 17 22:54:45 UTC 2015

/usr/bin/uname -p = unknown
/bin/uname -X     = unknown

/bin/arch              = unknown
/usr/bin/arch -k       = unknown
/usr/convex/getsysinfo = unknown
/usr/bin/hostinfo      = unknown
/bin/machine           = unknown
/usr/bin/oslevel       = unknown
/bin/universe          = unknown

PATH: /usr/local/sbin
PATH: /usr/local/bin
PATH: /usr/sbin
PATH: /usr/bin
PATH: /sbin
PATH: /bin
PATH: /home/job/neuron/nrn/x86_64/bin


## ----------- ##
## Core tests. ##
## ----------- ##

configure:2904: checking for a BSD-compatible install
configure:2972: result: /usr/bin/install -c
configure:2983: checking whether build environment is sane
configure:3038: result: yes
configure:3189: checking for a thread-safe mkdir -p
configure:3228: result: /bin/mkdir -p
configure:3235: checking for gawk
configure:3251: found /usr/bin/gawk
configure:3262: result: gawk
configure:3273: checking whether make sets $(MAKE)
configure:3295: result: yes
configure:3324: checking whether make supports nested variables
configure:3341: result: yes
configure:3485: checking build system type
configure:3499: result: x86_64-unknown-linux-gnu
configure:3519: checking host system type
configure:3532: result: x86_64-unknown-linux-gnu
configure:4059: checking for style of include used by make
configure:4087: result: GNU
configure:4168: checking for g++
configure:4184: found /usr/bin/g++
configure:4195: result: g++
configure:4222: checking for C++ compiler version
configure:4231: g++ --version >&5
g++ (Ubuntu 4.9.2-10ubuntu13) 4.9.2
Copyright (C) 2014 Free Software Foundation, Inc.
This is free software; see the source for copying conditions.  There is NO
warranty; not even for MERCHANTABILITY or FITNESS FOR A PARTICULAR PURPOSE.

configure:4242: $? = 0
configure:4231: g++ -v >&5
Using built-in specs.
COLLECT_GCC=g++
COLLECT_LTO_WRAPPER=/usr/lib/gcc/x86_64-linux-gnu/4.9/lto-wrapper
Target: x86_64-linux-gnu
Configured with: ../src/configure -v --with-pkgversion='Ubuntu 4.9.2-10ubuntu13' --with-bugurl=file:///usr/share/doc/gcc-4.9/README.Bugs --enable-languages=c,c++,java,go,d,fortran,objc,obj-c++ --prefix=/usr --program-suffix=-4.9 --enable-shared --enable-linker-build-id --libexecdir=/usr/lib --without-included-gettext --enable-threads=posix --with-gxx-include-dir=/usr/include/c++/4.9 --libdir=/usr/lib --enable-nls --with-sysroot=/ --enable-clocale=gnu --enable-libstdcxx-debug --enable-libstdcxx-time=yes --enable-gnu-unique-object --disable-vtable-verify --enable-plugin --with-system-zlib --disable-browser-plugin --enable-java-awt=gtk --enable-gtk-cairo --with-java-home=/usr/lib/jvm/java-1.5.0-gcj-4.9-amd64/jre --enable-java-home --with-jvm-root-dir=/usr/lib/jvm/java-1.5.0-gcj-4.9-amd64 --with-jvm-jar-dir=/usr/lib/jvm-exports/java-1.5.0-gcj-4.9-amd64 --with-arch-directory=amd64 --with-ecj-jar=/usr/share/java/eclipse-ecj.jar --enable-objc-gc --enable-multiarch --disable-werror --with-arch-32=i686 --with-abi=m64 --with-multilib-list=m32,m64,mx32 --enable-multilib --with-tune=generic --enable-checking=release --build=x86_64-linux-gnu --host=x86_64-linux-gnu --target=x86_64-linux-gnu
Thread model: posix
gcc version 4.9.2 (Ubuntu 4.9.2-10ubuntu13) 
configure:4242: $? = 0
configure:4231: g++ -V >&5
g++: error: unrecognized command line option '-V'
g++: fatal error: no input files
compilation terminated.
configure:4242: $? = 4
configure:4231: g++ -qversion >&5
g++: error: unrecognized command line option '-qversion'
g++: fatal error: no input files
compilation terminated.
configure:4242: $? = 4
configure:4262: checking whether the C++ compiler works
configure:4284: g++    conftest.cpp  >&5
configure:4288: $? = 0
configure:4336: result: yes
configure:4339: checking for C++ compiler default output file name
configure:4341: result: a.out
configure:4347: checking for suffix of executables
configure:4354: g++ -o conftest    conftest.cpp  >&5
configure:4358: $? = 0
configure:4380: result: 
configure:4402: checking whether we are cross compiling
configure:4410: g++ -o conftest    conftest.cpp  >&5
configure:4414: $? = 0
configure:4421: ./conftest
configure:4425: $? = 0
configure:4440: result: no
configure:4445: checking for suffix of object files
configure:4467: g++ -c   conftest.cpp >&5
configure:4471: $? = 0
configure:4492: result: o
configure:4496: checking whether we are using the GNU C++ compiler
configure:4515: g++ -c   conftest.cpp >&5
configure:4515: $? = 0
configure:4524: result: yes
configure:4533: checking whether g++ accepts -g
configure:4553: g++ -c -g  conftest.cpp >&5
configure:4553: $? = 0
configure:4594: result: yes
configure:4619: checking dependency style of g++
configure:4730: result: gcc3
configure:4757: g++ -c -g -O2  conftest.cpp >&5
configure:4757: $? = 0
configure:5232: checking for gcc
configure:5248: found /usr/bin/gcc
configure:5259: result: gcc
configure:5488: checking for C compiler version
configure:5497: gcc --version >&5
gcc (Ubuntu 4.9.2-10ubuntu13) 4.9.2
Copyright (C) 2014 Free Software Foundation, Inc.
This is free software; see the source for copying conditions.  There is NO
warranty; not even for MERCHANTABILITY or FITNESS FOR A PARTICULAR PURPOSE.

configure:5508: $? = 0
configure:5497: gcc -v >&5
Using built-in specs.
COLLECT_GCC=gcc
COLLECT_LTO_WRAPPER=/usr/lib/gcc/x86_64-linux-gnu/4.9/lto-wrapper
Target: x86_64-linux-gnu
Configured with: ../src/configure -v --with-pkgversion='Ubuntu 4.9.2-10ubuntu13' --with-bugurl=file:///usr/share/doc/gcc-4.9/README.Bugs --enable-languages=c,c++,java,go,d,fortran,objc,obj-c++ --prefix=/usr --program-suffix=-4.9 --enable-shared --enable-linker-build-id --libexecdir=/usr/lib --without-included-gettext --enable-threads=posix --with-gxx-include-dir=/usr/include/c++/4.9 --libdir=/usr/lib --enable-nls --with-sysroot=/ --enable-clocale=gnu --enable-libstdcxx-debug --enable-libstdcxx-time=yes --enable-gnu-unique-object --disable-vtable-verify --enable-plugin --with-system-zlib --disable-browser-plugin --enable-java-awt=gtk --enable-gtk-cairo --with-java-home=/usr/lib/jvm/java-1.5.0-gcj-4.9-amd64/jre --enable-java-home --with-jvm-root-dir=/usr/lib/jvm/java-1.5.0-gcj-4.9-amd64 --with-jvm-jar-dir=/usr/lib/jvm-exports/java-1.5.0-gcj-4.9-amd64 --with-arch-directory=amd64 --with-ecj-jar=/usr/share/java/eclipse-ecj.jar --enable-objc-gc --enable-multiarch --disable-werror --with-arch-32=i686 --with-abi=m64 --with-multilib-list=m32,m64,mx32 --enable-multilib --with-tune=generic --enable-checking=release --build=x86_64-linux-gnu --host=x86_64-linux-gnu --target=x86_64-linux-gnu
Thread model: posix
gcc version 4.9.2 (Ubuntu 4.9.2-10ubuntu13) 
configure:5508: $? = 0
configure:5497: gcc -V >&5
gcc: error: unrecognized command line option '-V'
gcc: fatal error: no input files
compilation terminated.
configure:5508: $? = 4
configure:5497: gcc -qversion >&5
gcc: error: unrecognized command line option '-qversion'
gcc: fatal error: no input files
compilation terminated.
configure:5508: $? = 4
configure:5512: checking whether we are using the GNU C compiler
configure:5531: gcc -c   conftest.c >&5
configure:5531: $? = 0
configure:5540: result: yes
configure:5549: checking whether gcc accepts -g
configure:5569: gcc -c -g  conftest.c >&5
configure:5569: $? = 0
configure:5610: result: yes
configure:5627: checking for gcc option to accept ISO C89
configure:5690: gcc  -c -g -O2  conftest.c >&5
configure:5690: $? = 0
configure:5703: result: none needed
configure:5728: checking whether gcc understands -c and -o together
configure:5750: gcc -c conftest.c -o conftest2.o
configure:5753: $? = 0
configure:5750: gcc -c conftest.c -o conftest2.o
configure:5753: $? = 0
configure:5765: result: yes
configure:5784: checking dependency style of gcc
configure:5895: result: gcc3
configure:5915: checking how to run the C preprocessor
configure:5946: gcc -E  conftest.c
configure:5946: $? = 0
configure:5960: gcc -E  conftest.c
conftest.c:13:28: fatal error: ac_nonexistent.h: No such file or directory
 #include <ac_nonexistent.h>
                            ^
compilation terminated.
configure:5960: $? = 1
configure: failed program was:
| /* confdefs.h */
| #define PACKAGE_NAME "nrn"
| #define PACKAGE_TARNAME "nrn"
| #define PACKAGE_VERSION "7.3"
| #define PACKAGE_STRING "nrn 7.3"
| #define PACKAGE_BUGREPORT ""
| #define PACKAGE_URL ""
| #define PACKAGE "nrn"
| #define VERSION "7.3"
| #define DISCRETE_EVENT_OBSERVER 1
| #define DLL_DEFAULT_FNAME "x86_64/.libs/libnrnmech.so"
| /* end confdefs.h.  */
| #include <ac_nonexistent.h>
configure:5985: result: gcc -E
configure:6005: gcc -E  conftest.c
configure:6005: $? = 0
configure:6019: gcc -E  conftest.c
conftest.c:13:28: fatal error: ac_nonexistent.h: No such file or directory
 #include <ac_nonexistent.h>
                            ^
compilation terminated.
configure:6019: $? = 1
configure: failed program was:
| /* confdefs.h */
| #define PACKAGE_NAME "nrn"
| #define PACKAGE_TARNAME "nrn"
| #define PACKAGE_VERSION "7.3"
| #define PACKAGE_STRING "nrn 7.3"
| #define PACKAGE_BUGREPORT ""
| #define PACKAGE_URL ""
| #define PACKAGE "nrn"
| #define VERSION "7.3"
| #define DISCRETE_EVENT_OBSERVER 1
| #define DLL_DEFAULT_FNAME "x86_64/.libs/libnrnmech.so"
| /* end confdefs.h.  */
| #include <ac_nonexistent.h>
configure:6051: checking for gawk
configure:6078: result: gawk
configure:6095: checking for flex
configure:6125: result: no
configure:6095: checking for lex
configure:6125: result: no
configure:6257: checking for bison
configure:6287: result: no
configure:6257: checking for byacc
configure:6287: result: no
configure:6296: checking whether ln -s works
configure:6300: result: yes
configure:6400: checking for cos in -lm
configure:6425: gcc -o conftest -g -O2   conftest.c -lm   >&5
conftest.c:20:6: warning: conflicting types for built-in function 'cos'
 char cos ();
      ^
configure:6425: $? = 0
configure:6434: result: yes
configure:6542: checking nrnpython configuration
configure:6811: checking if python include files and libraries work
configure:6837: gcc -o conftest -g -O2 -I/usr/include/python2.7   conftest.c -L/usr/lib -lpython2.7 -lpthread -ldl  -lutil  -lm >&5
configure:6837: $? = 0
configure:6839: result: yes
configure:6902: checking for cython
configure:6930: result: echo
configure:7645: checking how to print strings
configure:7672: result: printf
configure:7693: checking for a sed that does not truncate output
configure:7757: result: /bin/sed
configure:7775: checking for grep that handles long lines and -e
configure:7833: result: /bin/grep
configure:7838: checking for egrep
configure:7900: result: /bin/grep -E
configure:7905: checking for fgrep
configure:7967: result: /bin/grep -F
configure:8002: checking for ld used by gcc
configure:8069: result: /usr/bin/ld
configure:8076: checking if the linker (/usr/bin/ld) is GNU ld
configure:8091: result: yes
configure:8103: checking for BSD- or MS-compatible name lister (nm)
configure:8152: result: /usr/bin/nm -B
configure:8282: checking the name lister (/usr/bin/nm -B) interface
configure:8289: gcc -c -g -O2  conftest.c >&5
configure:8292: /usr/bin/nm -B "conftest.o"
configure:8295: output
0000000000000000 B some_variable
configure:8302: result: BSD nm
configure:8306: checking the maximum length of command line arguments
configure:8437: result: 1572864
configure:8454: checking whether the shell understands some XSI constructs
configure:8464: result: yes
configure:8468: checking whether the shell understands "+="
configure:8474: result: yes
configure:8509: checking how to convert x86_64-unknown-linux-gnu file names to x86_64-unknown-linux-gnu format
configure:8549: result: func_convert_file_noop
configure:8556: checking how to convert x86_64-unknown-linux-gnu file names to toolchain format
configure:8576: result: func_convert_file_noop
configure:8583: checking for /usr/bin/ld option to reload object files
configure:8590: result: -r
configure:8664: checking for objdump
configure:8680: found /usr/bin/objdump
configure:8691: result: objdump
configure:8723: checking how to recognize dependent libraries
configure:8921: result: pass_all
configure:9006: checking for dlltool
configure:9036: result: no
configure:9066: checking how to associate runtime and link libraries
configure:9093: result: printf %s\n
configure:9153: checking for ar
configure:9169: found /usr/bin/ar
configure:9180: result: ar
configure:9217: checking for archiver @FILE support
configure:9234: gcc -c -g -O2  conftest.c >&5
configure:9234: $? = 0
configure:9237: ar cru libconftest.a @conftest.lst >&5
configure:9240: $? = 0
configure:9245: ar cru libconftest.a @conftest.lst >&5
ar: conftest.o: No such file or directory
configure:9248: $? = 1
configure:9260: result: @
configure:9318: checking for strip
configure:9334: found /usr/bin/strip
configure:9345: result: strip
configure:9417: checking for ranlib
configure:9433: found /usr/bin/ranlib
configure:9444: result: ranlib
configure:9546: checking command to parse /usr/bin/nm -B output from gcc object
configure:9666: gcc -c -g -O2  conftest.c >&5
configure:9669: $? = 0
configure:9673: /usr/bin/nm -B conftest.o \| sed -n -e 's/^.*[ ]\([ABCDGIRSTW][ABCDGIRSTW]*\)[ ][ ]*\([_A-Za-z][_A-Za-z0-9]*\)$/\1 \2 \2/p' | sed '/ __gnu_lto/d' \> conftest.nm
configure:9676: $? = 0
configure:9742: gcc -o conftest -g -O2   conftest.c conftstm.o >&5
configure:9745: $? = 0
configure:9783: result: ok
configure:9820: checking for sysroot
configure:9850: result: no
configure:9927: gcc -c -g -O2  conftest.c >&5
configure:9930: $? = 0
configure:10119: checking for mt
configure:10135: found /bin/mt
configure:10146: result: mt
configure:10169: checking if mt is a manifest tool
configure:10175: mt '-?'
configure:10183: result: no
configure:10821: checking for ANSI C header files
configure:10841: gcc -c -g -O2  conftest.c >&5
configure:10841: $? = 0
configure:10914: gcc -o conftest -g -O2   conftest.c  -lm >&5
configure:10914: $? = 0
configure:10914: ./conftest
configure:10914: $? = 0
configure:10925: result: yes
configure:10938: checking for sys/types.h
configure:10938: gcc -c -g -O2  conftest.c >&5
configure:10938: $? = 0
configure:10938: result: yes
configure:10938: checking for sys/stat.h
configure:10938: gcc -c -g -O2  conftest.c >&5
configure:10938: $? = 0
configure:10938: result: yes
configure:10938: checking for stdlib.h
configure:10938: gcc -c -g -O2  conftest.c >&5
configure:10938: $? = 0
configure:10938: result: yes
configure:10938: checking for string.h
configure:10938: gcc -c -g -O2  conftest.c >&5
configure:10938: $? = 0
configure:10938: result: yes
configure:10938: checking for memory.h
configure:10938: gcc -c -g -O2  conftest.c >&5
configure:10938: $? = 0
configure:10938: result: yes
configure:10938: checking for strings.h
configure:10938: gcc -c -g -O2  conftest.c >&5
configure:10938: $? = 0
configure:10938: result: yes
configure:10938: checking for inttypes.h
configure:10938: gcc -c -g -O2  conftest.c >&5
configure:10938: $? = 0
configure:10938: result: yes
configure:10938: checking for stdint.h
configure:10938: gcc -c -g -O2  conftest.c >&5
configure:10938: $? = 0
configure:10938: result: yes
configure:10938: checking for unistd.h
configure:10938: gcc -c -g -O2  conftest.c >&5
configure:10938: $? = 0
configure:10938: result: yes
configure:10952: checking for dlfcn.h
configure:10952: gcc -c -g -O2  conftest.c >&5
configure:10952: $? = 0
configure:10952: result: yes
configure:11106: checking for objdir
configure:11121: result: .libs
configure:11388: checking if gcc supports -fno-rtti -fno-exceptions
configure:11406: gcc -c -g -O2  -fno-rtti -fno-exceptions conftest.c >&5
cc1: warning: command line option '-fno-rtti' is valid for C++/ObjC++ but not for C
configure:11410: $? = 0
configure:11423: result: no
configure:11750: checking for gcc option to produce PIC
configure:11757: result: -fPIC -DPIC
configure:11765: checking if gcc PIC flag -fPIC -DPIC works
configure:11783: gcc -c -g -O2  -fPIC -DPIC -DPIC conftest.c >&5
configure:11787: $? = 0
configure:11800: result: yes
configure:11829: checking if gcc static flag -static works
configure:11857: result: yes
configure:11872: checking if gcc supports -c -o file.o
configure:11893: gcc -c -g -O2  -o out/conftest2.o conftest.c >&5
configure:11897: $? = 0
configure:11919: result: yes
configure:11927: checking if gcc supports -c -o file.o
configure:11974: result: yes
configure:12007: checking whether the gcc linker (/usr/bin/ld -m elf_x86_64) supports shared libraries
configure:13164: result: yes
configure:13201: checking whether -lc should be explicitly linked in
configure:13209: gcc -c -g -O2  conftest.c >&5
configure:13212: $? = 0
configure:13227: gcc -shared  -fPIC -DPIC conftest.o  -v -Wl,-soname -Wl,conftest -o conftest 2\>\&1 \| /bin/grep  -lc  \>/dev/null 2\>\&1
configure:13230: $? = 0
configure:13244: result: no
configure:13404: checking dynamic linker characteristics
configure:13904: gcc -o conftest -g -O2   -Wl,-rpath -Wl,/foo conftest.c  -lm >&5
configure:13904: $? = 0
configure:14138: result: GNU/Linux ld.so
configure:14245: checking how to hardcode library paths into programs
configure:14270: result: immediate
configure:14364: checking for shl_load
configure:14364: gcc -o conftest -g -O2   conftest.c  -lm >&5
/tmp/ccYncPOt.o: In function `main':
/home/job/neuron4/nrn/conftest.c:60: undefined reference to `shl_load'
collect2: error: ld returned 1 exit status
configure:14364: $? = 1
configure: failed program was:
| /* confdefs.h */
| #define PACKAGE_NAME "nrn"
| #define PACKAGE_TARNAME "nrn"
| #define PACKAGE_VERSION "7.3"
| #define PACKAGE_STRING "nrn 7.3"
| #define PACKAGE_BUGREPORT ""
| #define PACKAGE_URL ""
| #define PACKAGE "nrn"
| #define VERSION "7.3"
| #define DISCRETE_EVENT_OBSERVER 1
| #define DLL_DEFAULT_FNAME "x86_64/.libs/libnrnmech.so"
| #define USE_PYTHON 1
| #define STDC_HEADERS 1
| #define HAVE_SYS_TYPES_H 1
| #define HAVE_SYS_STAT_H 1
| #define HAVE_STDLIB_H 1
| #define HAVE_STRING_H 1
| #define HAVE_MEMORY_H 1
| #define HAVE_STRINGS_H 1
| #define HAVE_INTTYPES_H 1
| #define HAVE_STDINT_H 1
| #define HAVE_UNISTD_H 1
| #define HAVE_DLFCN_H 1
| #define LT_OBJDIR ".libs/"
| /* end confdefs.h.  */
| /* Define shl_load to an innocuous variant, in case <limits.h> declares shl_load.
|    For example, HP-UX 11i <limits.h> declares gettimeofday.  */
| #define shl_load innocuous_shl_load
| 
| /* System header to define __stub macros and hopefully few prototypes,
|     which can conflict with char shl_load (); below.
|     Prefer <limits.h> to <assert.h> if __STDC__ is defined, since
|     <limits.h> exists even on freestanding compilers.  */
| 
| #ifdef __STDC__
| # include <limits.h>
| #else
| # include <assert.h>
| #endif
| 
| #undef shl_load
| 
| /* Override any GCC internal prototype to avoid an error.
|    Use char because int might match the return type of a GCC
|    builtin and then its argument prototype would still apply.  */
| #ifdef __cplusplus
| extern "C"
| #endif
| char shl_load ();
| /* The GNU C library defines this for functions which it implements
|     to always fail with ENOSYS.  Some functions are actually named
|     something starting with __ and the normal name is an alias.  */
| #if defined __stub_shl_load || defined __stub___shl_load
| choke me
| #endif
| 
| int
| main ()
| {
| return shl_load ();
|   ;
|   return 0;
| }
configure:14364: result: no
configure:14368: checking for shl_load in -ldld
configure:14393: gcc -o conftest -g -O2   conftest.c -ldld   -lm >&5
/usr/bin/ld: cannot find -ldld
collect2: error: ld returned 1 exit status
configure:14393: $? = 1
configure: failed program was:
| /* confdefs.h */
| #define PACKAGE_NAME "nrn"
| #define PACKAGE_TARNAME "nrn"
| #define PACKAGE_VERSION "7.3"
| #define PACKAGE_STRING "nrn 7.3"
| #define PACKAGE_BUGREPORT ""
| #define PACKAGE_URL ""
| #define PACKAGE "nrn"
| #define VERSION "7.3"
| #define DISCRETE_EVENT_OBSERVER 1
| #define DLL_DEFAULT_FNAME "x86_64/.libs/libnrnmech.so"
| #define USE_PYTHON 1
| #define STDC_HEADERS 1
| #define HAVE_SYS_TYPES_H 1
| #define HAVE_SYS_STAT_H 1
| #define HAVE_STDLIB_H 1
| #define HAVE_STRING_H 1
| #define HAVE_MEMORY_H 1
| #define HAVE_STRINGS_H 1
| #define HAVE_INTTYPES_H 1
| #define HAVE_STDINT_H 1
| #define HAVE_UNISTD_H 1
| #define HAVE_DLFCN_H 1
| #define LT_OBJDIR ".libs/"
| /* end confdefs.h.  */
| 
| /* Override any GCC internal prototype to avoid an error.
|    Use char because int might match the return type of a GCC
|    builtin and then its argument prototype would still apply.  */
| #ifdef __cplusplus
| extern "C"
| #endif
| char shl_load ();
| int
| main ()
| {
| return shl_load ();
|   ;
|   return 0;
| }
configure:14402: result: no
configure:14407: checking for dlopen
configure:14407: gcc -o conftest -g -O2   conftest.c  -lm >&5
/tmp/cc0NfB8z.o: In function `main':
/home/job/neuron4/nrn/conftest.c:60: undefined reference to `dlopen'
collect2: error: ld returned 1 exit status
configure:14407: $? = 1
configure: failed program was:
| /* confdefs.h */
| #define PACKAGE_NAME "nrn"
| #define PACKAGE_TARNAME "nrn"
| #define PACKAGE_VERSION "7.3"
| #define PACKAGE_STRING "nrn 7.3"
| #define PACKAGE_BUGREPORT ""
| #define PACKAGE_URL ""
| #define PACKAGE "nrn"
| #define VERSION "7.3"
| #define DISCRETE_EVENT_OBSERVER 1
| #define DLL_DEFAULT_FNAME "x86_64/.libs/libnrnmech.so"
| #define USE_PYTHON 1
| #define STDC_HEADERS 1
| #define HAVE_SYS_TYPES_H 1
| #define HAVE_SYS_STAT_H 1
| #define HAVE_STDLIB_H 1
| #define HAVE_STRING_H 1
| #define HAVE_MEMORY_H 1
| #define HAVE_STRINGS_H 1
| #define HAVE_INTTYPES_H 1
| #define HAVE_STDINT_H 1
| #define HAVE_UNISTD_H 1
| #define HAVE_DLFCN_H 1
| #define LT_OBJDIR ".libs/"
| /* end confdefs.h.  */
| /* Define dlopen to an innocuous variant, in case <limits.h> declares dlopen.
|    For example, HP-UX 11i <limits.h> declares gettimeofday.  */
| #define dlopen innocuous_dlopen
| 
| /* System header to define __stub macros and hopefully few prototypes,
|     which can conflict with char dlopen (); below.
|     Prefer <limits.h> to <assert.h> if __STDC__ is defined, since
|     <limits.h> exists even on freestanding compilers.  */
| 
| #ifdef __STDC__
| # include <limits.h>
| #else
| # include <assert.h>
| #endif
| 
| #undef dlopen
| 
| /* Override any GCC internal prototype to avoid an error.
|    Use char because int might match the return type of a GCC
|    builtin and then its argument prototype would still apply.  */
| #ifdef __cplusplus
| extern "C"
| #endif
| char dlopen ();
| /* The GNU C library defines this for functions which it implements
|     to always fail with ENOSYS.  Some functions are actually named
|     something starting with __ and the normal name is an alias.  */
| #if defined __stub_dlopen || defined __stub___dlopen
| choke me
| #endif
| 
| int
| main ()
| {
| return dlopen ();
|   ;
|   return 0;
| }
configure:14407: result: no
configure:14411: checking for dlopen in -ldl
configure:14436: gcc -o conftest -g -O2   conftest.c -ldl   -lm >&5
configure:14436: $? = 0
configure:14445: result: yes
configure:14564: checking whether a program can dlopen itself
configure:14644: gcc -o conftest -g -O2  -DHAVE_DLFCN_H  -Wl,--export-dynamic conftest.c -ldl  -lm >&5
configure:14647: $? = 0
configure:14665: result: yes
configure:14670: checking whether a statically linked program can dlopen itself
configure:14750: gcc -o conftest -g -O2  -DHAVE_DLFCN_H  -Wl,--export-dynamic -static conftest.c -ldl  -lm >&5
/tmp/ccibuPBQ.o: In function `main':
/home/job/neuron4/nrn/configure:14729: warning: Using 'dlopen' in statically linked applications requires at runtime the shared libraries from the glibc version used for linking
/usr/bin/ld: dynamic STT_GNU_IFUNC symbol `strcmp' with pointer equality in `/usr/lib/gcc/x86_64-linux-gnu/4.9/../../../x86_64-linux-gnu/libc.a(strcmp.o)' can not be used when making an executable; recompile with -fPIE and relink with -pie
collect2: error: ld returned 1 exit status
configure:14753: $? = 1
configure:14771: result: no
configure:14810: checking whether stripping libraries is possible
configure:14815: result: yes
configure:14850: checking if libtool supports shared libraries
configure:14852: result: yes
configure:14855: checking whether to build shared libraries
configure:14876: result: yes
configure:14879: checking whether to build static libraries
configure:14883: result: no
configure:14906: checking how to run the C++ preprocessor
configure:14933: g++ -E  conftest.cpp
configure:14933: $? = 0
configure:14947: g++ -E  conftest.cpp
conftest.cpp:26:28: fatal error: ac_nonexistent.h: No such file or directory
 #include <ac_nonexistent.h>
                            ^
compilation terminated.
configure:14947: $? = 1
configure: failed program was:
| /* confdefs.h */
| #define PACKAGE_NAME "nrn"
| #define PACKAGE_TARNAME "nrn"
| #define PACKAGE_VERSION "7.3"
| #define PACKAGE_STRING "nrn 7.3"
| #define PACKAGE_BUGREPORT ""
| #define PACKAGE_URL ""
| #define PACKAGE "nrn"
| #define VERSION "7.3"
| #define DISCRETE_EVENT_OBSERVER 1
| #define DLL_DEFAULT_FNAME "x86_64/.libs/libnrnmech.so"
| #define USE_PYTHON 1
| #define STDC_HEADERS 1
| #define HAVE_SYS_TYPES_H 1
| #define HAVE_SYS_STAT_H 1
| #define HAVE_STDLIB_H 1
| #define HAVE_STRING_H 1
| #define HAVE_MEMORY_H 1
| #define HAVE_STRINGS_H 1
| #define HAVE_INTTYPES_H 1
| #define HAVE_STDINT_H 1
| #define HAVE_UNISTD_H 1
| #define HAVE_DLFCN_H 1
| #define LT_OBJDIR ".libs/"
| /* end confdefs.h.  */
| #include <ac_nonexistent.h>
configure:14972: result: g++ -E
configure:14992: g++ -E  conftest.cpp
configure:14992: $? = 0
configure:15006: g++ -E  conftest.cpp
conftest.cpp:26:28: fatal error: ac_nonexistent.h: No such file or directory
 #include <ac_nonexistent.h>
                            ^
compilation terminated.
configure:15006: $? = 1
configure: failed program was:
| /* confdefs.h */
| #define PACKAGE_NAME "nrn"
| #define PACKAGE_TARNAME "nrn"
| #define PACKAGE_VERSION "7.3"
| #define PACKAGE_STRING "nrn 7.3"
| #define PACKAGE_BUGREPORT ""
| #define PACKAGE_URL ""
| #define PACKAGE "nrn"
| #define VERSION "7.3"
| #define DISCRETE_EVENT_OBSERVER 1
| #define DLL_DEFAULT_FNAME "x86_64/.libs/libnrnmech.so"
| #define USE_PYTHON 1
| #define STDC_HEADERS 1
| #define HAVE_SYS_TYPES_H 1
| #define HAVE_SYS_STAT_H 1
| #define HAVE_STDLIB_H 1
| #define HAVE_STRING_H 1
| #define HAVE_MEMORY_H 1
| #define HAVE_STRINGS_H 1
| #define HAVE_INTTYPES_H 1
| #define HAVE_STDINT_H 1
| #define HAVE_UNISTD_H 1
| #define HAVE_DLFCN_H 1
| #define LT_OBJDIR ".libs/"
| /* end confdefs.h.  */
| #include <ac_nonexistent.h>
configure:15175: checking for ld used by g++
configure:15242: result: /usr/bin/ld -m elf_x86_64
configure:15249: checking if the linker (/usr/bin/ld -m elf_x86_64) is GNU ld
configure:15264: result: yes
configure:15319: checking whether the g++ linker (/usr/bin/ld -m elf_x86_64) supports shared libraries
configure:16321: result: yes
configure:16357: g++ -c -g -O2  conftest.cpp >&5
configure:16360: $? = 0
configure:16880: checking for g++ option to produce PIC
configure:16887: result: -fPIC -DPIC
configure:16895: checking if g++ PIC flag -fPIC -DPIC works
configure:16913: g++ -c -g -O2  -fPIC -DPIC -DPIC conftest.cpp >&5
configure:16917: $? = 0
configure:16930: result: yes
configure:16953: checking if g++ static flag -static works
configure:16981: result: yes
configure:16993: checking if g++ supports -c -o file.o
configure:17014: g++ -c -g -O2  -o out/conftest2.o conftest.cpp >&5
configure:17018: $? = 0
configure:17040: result: yes
configure:17045: checking if g++ supports -c -o file.o
configure:17092: result: yes
configure:17122: checking whether the g++ linker (/usr/bin/ld -m elf_x86_64) supports shared libraries
configure:17161: result: yes
configure:17302: checking dynamic linker characteristics
configure:17970: result: GNU/Linux ld.so
configure:18023: checking how to hardcode library paths into programs
configure:18048: result: immediate
configure:18160: Use the NRNMECH_DLL_STYLE for "special"
configure:18212: checking for tgetent in -lncurses
configure:18237: gcc -o conftest -g -O2   conftest.c -lncurses   -lm -ldl >&5
/usr/bin/ld: cannot find -lncurses
collect2: error: ld returned 1 exit status
configure:18237: $? = 1
configure: failed program was:
| /* confdefs.h */
| #define PACKAGE_NAME "nrn"
| #define PACKAGE_TARNAME "nrn"
| #define PACKAGE_VERSION "7.3"
| #define PACKAGE_STRING "nrn 7.3"
| #define PACKAGE_BUGREPORT ""
| #define PACKAGE_URL ""
| #define PACKAGE "nrn"
| #define VERSION "7.3"
| #define DISCRETE_EVENT_OBSERVER 1
| #define DLL_DEFAULT_FNAME "x86_64/.libs/libnrnmech.so"
| #define USE_PYTHON 1
| #define STDC_HEADERS 1
| #define HAVE_SYS_TYPES_H 1
| #define HAVE_SYS_STAT_H 1
| #define HAVE_STDLIB_H 1
| #define HAVE_STRING_H 1
| #define HAVE_MEMORY_H 1
| #define HAVE_STRINGS_H 1
| #define HAVE_INTTYPES_H 1
| #define HAVE_STDINT_H 1
| #define HAVE_UNISTD_H 1
| #define HAVE_DLFCN_H 1
| #define LT_OBJDIR ".libs/"
| #define NRNMECH_DLL_STYLE 1
| /* end confdefs.h.  */
| 
| /* Override any GCC internal prototype to avoid an error.
|    Use char because int might match the return type of a GCC
|    builtin and then its argument prototype would still apply.  */
| #ifdef __cplusplus
| extern "C"
| #endif
| char tgetent ();
| int
| main ()
| {
| return tgetent ();
|   ;
|   return 0;
| }
configure:18246: result: no
configure:18251: checking for tgetent in -lcurses
configure:18276: gcc -o conftest -g -O2   conftest.c -lcurses   -lm -ldl >&5
/usr/bin/ld: cannot find -lcurses
collect2: error: ld returned 1 exit status
configure:18276: $? = 1
configure: failed program was:
| /* confdefs.h */
| #define PACKAGE_NAME "nrn"
| #define PACKAGE_TARNAME "nrn"
| #define PACKAGE_VERSION "7.3"
| #define PACKAGE_STRING "nrn 7.3"
| #define PACKAGE_BUGREPORT ""
| #define PACKAGE_URL ""
| #define PACKAGE "nrn"
| #define VERSION "7.3"
| #define DISCRETE_EVENT_OBSERVER 1
| #define DLL_DEFAULT_FNAME "x86_64/.libs/libnrnmech.so"
| #define USE_PYTHON 1
| #define STDC_HEADERS 1
| #define HAVE_SYS_TYPES_H 1
| #define HAVE_SYS_STAT_H 1
| #define HAVE_STDLIB_H 1
| #define HAVE_STRING_H 1
| #define HAVE_MEMORY_H 1
| #define HAVE_STRINGS_H 1
| #define HAVE_INTTYPES_H 1
| #define HAVE_STDINT_H 1
| #define HAVE_UNISTD_H 1
| #define HAVE_DLFCN_H 1
| #define LT_OBJDIR ".libs/"
| #define NRNMECH_DLL_STYLE 1
| /* end confdefs.h.  */
| 
| /* Override any GCC internal prototype to avoid an error.
|    Use char because int might match the return type of a GCC
|    builtin and then its argument prototype would still apply.  */
| #ifdef __cplusplus
| extern "C"
| #endif
| char tgetent ();
| int
| main ()
| {
| return tgetent ();
|   ;
|   return 0;
| }
configure:18285: result: no
configure:18290: checking for tgetent in -ltermcap
configure:18315: gcc -o conftest -g -O2   conftest.c -ltermcap   -lm -ldl >&5
/usr/bin/ld: cannot find -ltermcap
collect2: error: ld returned 1 exit status
configure:18315: $? = 1
configure: failed program was:
| /* confdefs.h */
| #define PACKAGE_NAME "nrn"
| #define PACKAGE_TARNAME "nrn"
| #define PACKAGE_VERSION "7.3"
| #define PACKAGE_STRING "nrn 7.3"
| #define PACKAGE_BUGREPORT ""
| #define PACKAGE_URL ""
| #define PACKAGE "nrn"
| #define VERSION "7.3"
| #define DISCRETE_EVENT_OBSERVER 1
| #define DLL_DEFAULT_FNAME "x86_64/.libs/libnrnmech.so"
| #define USE_PYTHON 1
| #define STDC_HEADERS 1
| #define HAVE_SYS_TYPES_H 1
| #define HAVE_SYS_STAT_H 1
| #define HAVE_STDLIB_H 1
| #define HAVE_STRING_H 1
| #define HAVE_MEMORY_H 1
| #define HAVE_STRINGS_H 1
| #define HAVE_INTTYPES_H 1
| #define HAVE_STDINT_H 1
| #define HAVE_UNISTD_H 1
| #define HAVE_DLFCN_H 1
| #define LT_OBJDIR ".libs/"
| #define NRNMECH_DLL_STYLE 1
| /* end confdefs.h.  */
| 
| /* Override any GCC internal prototype to avoid an error.
|    Use char because int might match the return type of a GCC
|    builtin and then its argument prototype would still apply.  */
| #ifdef __cplusplus
| extern "C"
| #endif
| char tgetent ();
| int
| main ()
| {
| return tgetent ();
|   ;
|   return 0;
| }
configure:18324: result: no
configure:18329: error: cannot find one of ncurses, curses, or termcap

## ---------------- ##
## Cache variables. ##
## ---------------- ##

ac_cv_build=x86_64-unknown-linux-gnu
ac_cv_c_compiler_gnu=yes
ac_cv_cxx_compiler_gnu=yes
ac_cv_env_CCC_set=
ac_cv_env_CCC_value=
ac_cv_env_CC_set=
ac_cv_env_CC_value=
ac_cv_env_CFLAGS_set=
ac_cv_env_CFLAGS_value=
ac_cv_env_CPPFLAGS_set=
ac_cv_env_CPPFLAGS_value=
ac_cv_env_CPP_set=
ac_cv_env_CPP_value=
ac_cv_env_CXXCPP_set=
ac_cv_env_CXXCPP_value=
ac_cv_env_CXXFLAGS_set=
ac_cv_env_CXXFLAGS_value=
ac_cv_env_CXX_set=
ac_cv_env_CXX_value=
ac_cv_env_LDFLAGS_set=
ac_cv_env_LDFLAGS_value=
ac_cv_env_LIBS_set=
ac_cv_env_LIBS_value=
ac_cv_env_MPICC_set=
ac_cv_env_MPICC_value=
ac_cv_env_MPICXX_set=
ac_cv_env_MPICXX_value=
ac_cv_env_XMKMF_set=
ac_cv_env_XMKMF_value=
ac_cv_env_YACC_set=
ac_cv_env_YACC_value=
ac_cv_env_YFLAGS_set=
ac_cv_env_YFLAGS_value=
ac_cv_env_build_alias_set=
ac_cv_env_build_alias_value=
ac_cv_env_host_alias_set=
ac_cv_env_host_alias_value=
ac_cv_env_target_alias_set=
ac_cv_env_target_alias_value=
ac_cv_func_dlopen=no
ac_cv_func_shl_load=no
ac_cv_header_dlfcn_h=yes
ac_cv_header_inttypes_h=yes
ac_cv_header_memory_h=yes
ac_cv_header_stdc=yes
ac_cv_header_stdint_h=yes
ac_cv_header_stdlib_h=yes
ac_cv_header_string_h=yes
ac_cv_header_strings_h=yes
ac_cv_header_sys_stat_h=yes
ac_cv_header_sys_types_h=yes
ac_cv_header_unistd_h=yes
ac_cv_host=x86_64-unknown-linux-gnu
ac_cv_lib_curses_tgetent=no
ac_cv_lib_dl_dlopen=yes
ac_cv_lib_dld_shl_load=no
ac_cv_lib_m_cos=yes
ac_cv_lib_ncurses_tgetent=no
ac_cv_lib_termcap_tgetent=no
ac_cv_objext=o
ac_cv_path_EGREP='/bin/grep -E'
ac_cv_path_FGREP='/bin/grep -F'
ac_cv_path_GREP=/bin/grep
ac_cv_path_SED=/bin/sed
ac_cv_path_install='/usr/bin/install -c'
ac_cv_path_mkdir=/bin/mkdir
ac_cv_prog_AWK=gawk
ac_cv_prog_CPP='gcc -E'
ac_cv_prog_CXXCPP='g++ -E'
ac_cv_prog_CYTHON=echo
ac_cv_prog_ac_ct_AR=ar
ac_cv_prog_ac_ct_CC=gcc
ac_cv_prog_ac_ct_CXX=g++
ac_cv_prog_ac_ct_MANIFEST_TOOL=mt
ac_cv_prog_ac_ct_OBJDUMP=objdump
ac_cv_prog_ac_ct_RANLIB=ranlib
ac_cv_prog_ac_ct_STRIP=strip
ac_cv_prog_cc_c89=
ac_cv_prog_cc_g=yes
ac_cv_prog_cxx_g=yes
ac_cv_prog_make_make_set=yes
am_cv_CC_dependencies_compiler_type=gcc3
am_cv_CXX_dependencies_compiler_type=gcc3
am_cv_make_support_nested_variables=yes
am_cv_prog_cc_c_o=yes
lt_cv_ar_at_file=@
lt_cv_archive_cmds_need_lc=no
lt_cv_deplibs_check_method=pass_all
lt_cv_dlopen=dlopen
lt_cv_dlopen_libs=-ldl
lt_cv_dlopen_self=yes
lt_cv_dlopen_self_static=no
lt_cv_file_magic_cmd='$MAGIC_CMD'
lt_cv_file_magic_test_file=
lt_cv_ld_reload_flag=-r
lt_cv_nm_interface='BSD nm'
lt_cv_objdir=.libs
lt_cv_path_LD=/usr/bin/ld
lt_cv_path_LDCXX='/usr/bin/ld -m elf_x86_64'
lt_cv_path_NM='/usr/bin/nm -B'
lt_cv_path_mainfest_tool=no
lt_cv_prog_compiler_c_o=yes
lt_cv_prog_compiler_c_o_CXX=yes
lt_cv_prog_compiler_pic='-fPIC -DPIC'
lt_cv_prog_compiler_pic_CXX='-fPIC -DPIC'
lt_cv_prog_compiler_pic_works=yes
lt_cv_prog_compiler_pic_works_CXX=yes
lt_cv_prog_compiler_rtti_exceptions=no
lt_cv_prog_compiler_static_works=yes
lt_cv_prog_compiler_static_works_CXX=yes
lt_cv_prog_gnu_ld=yes
lt_cv_prog_gnu_ldcxx=yes
lt_cv_sharedlib_from_linklib_cmd='printf %s\n'
lt_cv_shlibpath_overrides_runpath=no
lt_cv_sys_global_symbol_pipe='sed -n -e '\''s/^.*[	 ]\([ABCDGIRSTW][ABCDGIRSTW]*\)[	 ][	 ]*\([_A-Za-z][_A-Za-z0-9]*\)$/\1 \2 \2/p'\'' | sed '\''/ __gnu_lto/d'\'''
lt_cv_sys_global_symbol_to_c_name_address='sed -n -e '\''s/^: \([^ ]*\)[ ]*$/  {\"\1\", (void *) 0},/p'\'' -e '\''s/^[ABCDGIRSTW]* \([^ ]*\) \([^ ]*\)$/  {"\2", (void *) \&\2},/p'\'''
lt_cv_sys_global_symbol_to_c_name_address_lib_prefix='sed -n -e '\''s/^: \([^ ]*\)[ ]*$/  {\"\1\", (void *) 0},/p'\'' -e '\''s/^[ABCDGIRSTW]* \([^ ]*\) \(lib[^ ]*\)$/  {"\2", (void *) \&\2},/p'\'' -e '\''s/^[ABCDGIRSTW]* \([^ ]*\) \([^ ]*\)$/  {"lib\2", (void *) \&\2},/p'\'''
lt_cv_sys_global_symbol_to_cdecl='sed -n -e '\''s/^T .* \(.*\)$/extern int \1();/p'\'' -e '\''s/^[ABCDGIRSTW]* .* \(.*\)$/extern char \1;/p'\'''
lt_cv_sys_max_cmd_len=1572864
lt_cv_to_host_file_cmd=func_convert_file_noop
lt_cv_to_tool_file_cmd=func_convert_file_noop

## ----------------- ##
## Output variables. ##
## ----------------- ##

ACLOCAL='${SHELL} /home/job/neuron4/nrn/missing aclocal-1.14'
ALLOCA=''
AMDEPBACKSLASH='\'
AMDEP_FALSE='#'
AMDEP_TRUE=''
AMTAR='$${TAR-tar}'
AM_BACKSLASH='\'
AM_DEFAULT_V='$(AM_DEFAULT_VERBOSITY)'
AM_DEFAULT_VERBOSITY='1'
AM_V='$(V)'
AR='ar'
AUTOCONF='${SHELL} /home/job/neuron4/nrn/missing autoconf'
AUTOHEADER='${SHELL} /home/job/neuron4/nrn/missing autoheader'
AUTOMAKE='${SHELL} /home/job/neuron4/nrn/missing automake-1.14'
AWK='gawk'
BUILD_6229_FALSE=''
BUILD_6229_TRUE=''
BUILD_CARBON_FALSE=''
BUILD_CARBON_TRUE='#'
BUILD_CYGWIN_FALSE=''
BUILD_CYGWIN_TRUE=''
BUILD_IVOS_FALSE=''
BUILD_IVOS_TRUE=''
BUILD_MEMACS_FALSE=''
BUILD_MEMACS_TRUE=''
BUILD_MINGW_FALSE=''
BUILD_MINGW_TRUE=''
BUILD_NEURONMUSIC_FALSE=''
BUILD_NEURONMUSIC_TRUE='#'
BUILD_NRNIV_FALSE=''
BUILD_NRNIV_TRUE=''
BUILD_NRNJAVA_FALSE=''
BUILD_NRNJAVA_TRUE=''
BUILD_NRNMPI_DYNAMIC_FALSE=''
BUILD_NRNMPI_DYNAMIC_TRUE=''
BUILD_NRNPYTHON_DYNAMIC_FALSE=''
BUILD_NRNPYTHON_DYNAMIC_TRUE=''
BUILD_NRNPYTHON_FALSE=''
BUILD_NRNPYTHON_TRUE=''
BUILD_PARANEURON_FALSE=''
BUILD_PARANEURON_TRUE=''
BUILD_READLINE_FALSE=''
BUILD_READLINE_TRUE=''
CC='gcc'
CCDEPMODE='depmode=gcc3'
CFLAGS='-g -O2'
CPP='gcc -E'
CPPFLAGS=''
CXX='g++'
CXXCPP='g++ -E'
CXXDEPMODE='depmode=gcc3'
CXXFLAGS='-g -O2'
CYGPATH_W='echo'
CYTHON='echo'
DEFS=''
DEPDIR='.deps'
DLLTOOL='false'
DSYMUTIL=''
DUMPBIN=''
ECHO_C=''
ECHO_N='-n'
ECHO_T=''
EGREP='/bin/grep -E'
EXEEXT=''
EXTRA_CYGWIN_FLAGS='$(EXTRA_CYGWIN)'
FGREP='/bin/grep -F'
GREP='/bin/grep'
INSTALL_DATA='${INSTALL} -m 644'
INSTALL_PROGRAM='${INSTALL}'
INSTALL_SCRIPT='${INSTALL}'
INSTALL_STRIP_PROGRAM='$(install_sh) -c -s'
IVHINES=''
IVOS_DIR=''
IVOS_LIB=''
IV_INCLUDE=''
IV_LIBDIR=''
IV_LIBS=''
IV_LIBS_LIBTOOL=''
JAVA=''
JAVAC=''
JAVAH=''
JDKDIR=''
JNI_INCLUDE_FLAGS=''
LD='/usr/bin/ld -m elf_x86_64'
LDFLAGS=''
LEX='${SHELL} /home/job/neuron4/nrn/missing flex'
LEXLIB=''
LEX_OUTPUT_ROOT=''
LIBM='-lm'
LIBOBJS=''
LIBS=' -lm -ldl'
LIBTOOL='$(SHELL) $(top_builddir)/libtool'
LIBTOOLTAG=''
LIPO=''
LN_S='ln -s'
LTLIBOBJS=''
MAC_DARWIN_FALSE=''
MAC_DARWIN_TRUE='#'
MAKEINFO='${SHELL} /home/job/neuron4/nrn/missing makeinfo'
MAKE_RPMS_FALSE=''
MAKE_RPMS_TRUE='#'
MANIFEST_TOOL=':'
MEMACSLIB=''
MEMACSLIBLA=''
METISINCLUDE=''
METISLIB=''
METISLIBADD=''
METISOBJADD=''
MINGW_CFLAG=''
MKDIR_P='/bin/mkdir -p'
MPICC=''
MPICCnrnmpi='gcc'
MPICXX=''
MPILIBS=''
MUSIC_INCDIR='.'
MUSIC_LIBDIR='.'
MUSIC_LIBLA=''
NIDDK=''
NM='/usr/bin/nm -B'
NMEDIT=''
NMODL_BUILD_FALSE='#'
NMODL_BUILD_TRUE=''
NMODL_ONLY_FALSE=''
NMODL_ONLY_TRUE='#'
NRNJAVA_DEP=''
NRNJAVA_LIBLA=''
NRNJAVA_LIBS=''
NRNMECH_DLL_STYLE_FALSE='#'
NRNMECH_DLL_STYLE_TRUE=''
NRNNI_DEP=''
NRNNI_LIBLA=''
NRNNI_LIBS=''
NRNPURIFY_FALSE=''
NRNPURIFY_TRUE='#'
NRNPYTHON_DEFINES=''
NRNPYTHON_DEP='../nrnpython/libnrnpython.la'
NRNPYTHON_EXEC='/usr/bin/python'
NRNPYTHON_INCLUDES='-I/usr/include/python2.7'
NRNPYTHON_LIBLA='../nrnpython/libnrnpython.la -L/usr/lib -lpython2.7 -lpthread -ldl  -lutil -R/usr/lib'
NRNPYTHON_LIBS='-lnrnpython -L/usr/lib -lpython2.7 -lpthread -ldl  -lutil -R/usr/lib'
NRNPYTHON_PYLIBLINK='-L/usr/lib -lpython2.7 -lpthread -ldl  -lutil'
NRNPYTHON_PYMAJOR='2'
NRNPYTHON_PYVER='2.7'
NRN_LIBDIR=''
NRN_READLINE_DEP=''
NRN_READLINE_LIBS=''
NRN_REALTIME_INCLUDE=''
NRN_SRCDIR='.'
OBJDUMP='objdump'
OBJEXT='o'
OTOOL64=''
OTOOL=''
PACKAGE='nrn'
PACKAGE_BUGREPORT=''
PACKAGE_NAME='nrn'
PACKAGE_STRING='nrn 7.3'
PACKAGE_TARNAME='nrn'
PACKAGE_URL=''
PACKAGE_VERSION='7.3'
PACKAGE_VERSION_MAJOR='7'
PACKAGE_VERSION_MINOR='3'
PATH_SEPARATOR=':'
PTHREAD_CC=''
PTHREAD_CFLAGS=''
PTHREAD_LIBS=''
PVM_INCLUDES=''
PVM_LIBS=''
PVM_XTRA_LIBS=''
PY2TO3='2to3'
PYTHON='/usr/bin/python'
RANLIB='ranlib'
READLINE_LIBS=''
RPM_ARGS=''
RPM_CONFIGURE_ARGS=' '\''--prefix=/home/job/neuron/nrn'\'' '\''--with-iv=/home/job/neuron/iv'\'' '\''--with-nrnpython=/usr/bin/python'\'''
RPM_DIR=''
RPM_PROG=''
RPM_RELEASE=''
RPM_TARBALL=''
RPM_TARGET=''
SED='/bin/sed'
SET_MAKE=''
SHELL='/bin/bash'
STRIP='strip'
TERMCAP_LIB=''
UniversalMacBinary_FALSE=''
UniversalMacBinary_TRUE='#'
VERSION='7.3'
XMKMF=''
X_CFLAGS=''
X_EXTRA_LIBS=''
X_LIBS=''
X_PRE_LIBS=''
YACC='yacc'
YFLAGS=''
_ACJNI_JAVAC=''
ac_ct_AR='ar'
ac_ct_CC='gcc'
ac_ct_CXX='g++'
ac_ct_DUMPBIN=''
ac_pysetup='--home=$(prefix)'
acx_pthread_config=''
am__EXEEXT_FALSE=''
am__EXEEXT_TRUE=''
am__fastdepCC_FALSE='#'
am__fastdepCC_TRUE=''
am__fastdepCXX_FALSE='#'
am__fastdepCXX_TRUE=''
am__include='include'
am__isrc=''
am__leading_dot='.'
am__nodep='_no'
am__quote=''
am__tar='$${TAR-tar} chof - "$$tardir"'
am__untar='$${TAR-tar} xf -'
bindir='${exec_prefix}/bin'
binsuffix=''
build='x86_64-unknown-linux-gnu'
build_alias=''
build_cpu='x86_64'
build_os='linux-gnu'
build_vendor='unknown'
datadir='${datarootdir}'
datarootdir='${prefix}/share'
docdir='${datarootdir}/doc/${PACKAGE_TARNAME}'
dvidir='${docdir}'
enable_carbon=''
exec_prefix='NONE'
host='x86_64-unknown-linux-gnu'
host_alias=''
host_cpu='x86_64'
host_os='linux-gnu'
host_vendor='unknown'
htmldir='${docdir}'
includedir='${prefix}/include'
infodir='${datarootdir}/info'
install_sh='${SHELL} /home/job/neuron4/nrn/install-sh'
libdir='${exec_prefix}/lib'
libexecdir='${exec_prefix}/libexec'
localedir='${datarootdir}/locale'
localstatedir='${prefix}/var'
mandir='${datarootdir}/man'
marshall_dir=''
mkdir_p='$(MKDIR_P)'
npy_NRNPYTHON_INCLUDES='-I/usr/include/python2.7'
npy_apiver=''
nrndef_mac='//'
nrndef_mswin='//'
nrndef_unix='//'
oldincludedir='/usr/include'
pdfdir='${docdir}'
prefix='/home/job/neuron/nrn'
program_transform_name='s,x,x,'
psdir='${docdir}'
sbindir='${exec_prefix}/sbin'
setup_extra_link_args='extra_link_args'
sharedstatedir='${prefix}/com'
sysconfdir='${prefix}/etc'
target_alias=''
uudecode=''

## ----------- ##
## confdefs.h. ##
## ----------- ##

/* confdefs.h */
#define PACKAGE_NAME "nrn"
#define PACKAGE_TARNAME "nrn"
#define PACKAGE_VERSION "7.3"
#define PACKAGE_STRING "nrn 7.3"
#define PACKAGE_BUGREPORT ""
#define PACKAGE_URL ""
#define PACKAGE "nrn"
#define VERSION "7.3"
#define DISCRETE_EVENT_OBSERVER 1
#define DLL_DEFAULT_FNAME "x86_64/.libs/libnrnmech.so"
#define USE_PYTHON 1
#define STDC_HEADERS 1
#define HAVE_SYS_TYPES_H 1
#define HAVE_SYS_STAT_H 1
#define HAVE_STDLIB_H 1
#define HAVE_STRING_H 1
#define HAVE_MEMORY_H 1
#define HAVE_STRINGS_H 1
#define HAVE_INTTYPES_H 1
#define HAVE_STDINT_H 1
#define HAVE_UNISTD_H 1
#define HAVE_DLFCN_H 1
#define LT_OBJDIR ".libs/"
#define NRNMECH_DLL_STYLE 1

configure: exit 1
