This file contains any messages produced by compilers while
running configure, to aid debugging if configure makes a mistake.

It was created by configure, which was
generated by GNU Autoconf 2.68.  Invocation command line was

  $ ./configure --prefix=/home/job/neuron/iv

## --------- ##
## Platform. ##
## --------- ##

hostname = job-Inspiron-530
uname -m = x86_64
uname -r = 3.19.0-42-generic
uname -s = Linux
uname -v = #48-Ubuntu SMP Thu Dec 17 22:54:45 UTC 2015

/usr/bin/uname -p = unknown
/bin/uname -X     = unknown

/bin/arch              = unknown
/usr/bin/arch -k       = unknown
/usr/convex/getsysinfo = unknown
/usr/bin/hostinfo      = unknown
/bin/machine           = unknown
/usr/bin/oslevel       = unknown
/bin/universe          = unknown

PATH: /usr/local/sbin
PATH: /usr/local/bin
PATH: /usr/sbin
PATH: /usr/bin
PATH: /sbin
PATH: /bin
PATH: /home/job/neuron/nrn/x86_64/bin


## ----------- ##
## Core tests. ##
## ----------- ##

configure:2487: checking build system type
configure:2501: result: x86_64-unknown-linux-gnu
configure:2521: checking host system type
configure:2534: result: x86_64-unknown-linux-gnu
configure:2837: checking for g++
configure:2853: found /usr/bin/g++
configure:2864: result: g++
configure:2891: checking for C++ compiler version
configure:2900: g++ --version >&5
g++ (Ubuntu 4.9.2-10ubuntu13) 4.9.2
Copyright (C) 2014 Free Software Foundation, Inc.
This is free software; see the source for copying conditions.  There is NO
warranty; not even for MERCHANTABILITY or FITNESS FOR A PARTICULAR PURPOSE.

configure:2911: $? = 0
configure:2900: g++ -v >&5
Using built-in specs.
COLLECT_GCC=g++
COLLECT_LTO_WRAPPER=/usr/lib/gcc/x86_64-linux-gnu/4.9/lto-wrapper
Target: x86_64-linux-gnu
Configured with: ../src/configure -v --with-pkgversion='Ubuntu 4.9.2-10ubuntu13' --with-bugurl=file:///usr/share/doc/gcc-4.9/README.Bugs --enable-languages=c,c++,java,go,d,fortran,objc,obj-c++ --prefix=/usr --program-suffix=-4.9 --enable-shared --enable-linker-build-id --libexecdir=/usr/lib --without-included-gettext --enable-threads=posix --with-gxx-include-dir=/usr/include/c++/4.9 --libdir=/usr/lib --enable-nls --with-sysroot=/ --enable-clocale=gnu --enable-libstdcxx-debug --enable-libstdcxx-time=yes --enable-gnu-unique-object --disable-vtable-verify --enable-plugin --with-system-zlib --disable-browser-plugin --enable-java-awt=gtk --enable-gtk-cairo --with-java-home=/usr/lib/jvm/java-1.5.0-gcj-4.9-amd64/jre --enable-java-home --with-jvm-root-dir=/usr/lib/jvm/java-1.5.0-gcj-4.9-amd64 --with-jvm-jar-dir=/usr/lib/jvm-exports/java-1.5.0-gcj-4.9-amd64 --with-arch-directory=amd64 --with-ecj-jar=/usr/share/java/eclipse-ecj.jar --enable-objc-gc --enable-multiarch --disable-werror --with-arch-32=i686 --with-abi=m64 --with-multilib-list=m32,m64,mx32 --enable-multilib --with-tune=generic --enable-checking=release --build=x86_64-linux-gnu --host=x86_64-linux-gnu --target=x86_64-linux-gnu
Thread model: posix
gcc version 4.9.2 (Ubuntu 4.9.2-10ubuntu13) 
configure:2911: $? = 0
configure:2900: g++ -V >&5
g++: error: unrecognized command line option '-V'
g++: fatal error: no input files
compilation terminated.
configure:2911: $? = 4
configure:2900: g++ -qversion >&5
g++: error: unrecognized command line option '-qversion'
g++: fatal error: no input files
compilation terminated.
configure:2911: $? = 4
configure:2931: checking whether the C++ compiler works
configure:2953: g++    conftest.cpp  >&5
configure:2957: $? = 0
configure:3005: result: yes
configure:3008: checking for C++ compiler default output file name
configure:3010: result: a.out
configure:3016: checking for suffix of executables
configure:3023: g++ -o conftest    conftest.cpp  >&5
configure:3027: $? = 0
configure:3049: result: 
configure:3071: checking whether we are cross compiling
configure:3079: g++ -o conftest    conftest.cpp  >&5
configure:3083: $? = 0
configure:3090: ./conftest
configure:3094: $? = 0
configure:3109: result: no
configure:3114: checking for suffix of object files
configure:3136: g++ -c   conftest.cpp >&5
configure:3140: $? = 0
configure:3161: result: o
configure:3165: checking whether we are using the GNU C++ compiler
configure:3184: g++ -c   conftest.cpp >&5
configure:3184: $? = 0
configure:3193: result: yes
configure:3202: checking whether g++ accepts -g
configure:3222: g++ -c -g  conftest.cpp >&5
configure:3222: $? = 0
configure:3263: result: yes
configure:3300: checking for a BSD-compatible install
configure:3368: result: /usr/bin/install -c
configure:3379: checking whether ln -s works
configure:3383: result: yes
configure:3390: checking whether make sets $(MAKE)
configure:3412: result: yes
configure:3467: checking how to print strings
configure:3494: result: printf
configure:3563: checking for gcc
configure:3579: found /usr/bin/gcc
configure:3590: result: gcc
configure:3819: checking for C compiler version
configure:3828: gcc --version >&5
gcc (Ubuntu 4.9.2-10ubuntu13) 4.9.2
Copyright (C) 2014 Free Software Foundation, Inc.
This is free software; see the source for copying conditions.  There is NO
warranty; not even for MERCHANTABILITY or FITNESS FOR A PARTICULAR PURPOSE.

configure:3839: $? = 0
configure:3828: gcc -v >&5
Using built-in specs.
COLLECT_GCC=gcc
COLLECT_LTO_WRAPPER=/usr/lib/gcc/x86_64-linux-gnu/4.9/lto-wrapper
Target: x86_64-linux-gnu
Configured with: ../src/configure -v --with-pkgversion='Ubuntu 4.9.2-10ubuntu13' --with-bugurl=file:///usr/share/doc/gcc-4.9/README.Bugs --enable-languages=c,c++,java,go,d,fortran,objc,obj-c++ --prefix=/usr --program-suffix=-4.9 --enable-shared --enable-linker-build-id --libexecdir=/usr/lib --without-included-gettext --enable-threads=posix --with-gxx-include-dir=/usr/include/c++/4.9 --libdir=/usr/lib --enable-nls --with-sysroot=/ --enable-clocale=gnu --enable-libstdcxx-debug --enable-libstdcxx-time=yes --enable-gnu-unique-object --disable-vtable-verify --enable-plugin --with-system-zlib --disable-browser-plugin --enable-java-awt=gtk --enable-gtk-cairo --with-java-home=/usr/lib/jvm/java-1.5.0-gcj-4.9-amd64/jre --enable-java-home --with-jvm-root-dir=/usr/lib/jvm/java-1.5.0-gcj-4.9-amd64 --with-jvm-jar-dir=/usr/lib/jvm-exports/java-1.5.0-gcj-4.9-amd64 --with-arch-directory=amd64 --with-ecj-jar=/usr/share/java/eclipse-ecj.jar --enable-objc-gc --enable-multiarch --disable-werror --with-arch-32=i686 --with-abi=m64 --with-multilib-list=m32,m64,mx32 --enable-multilib --with-tune=generic --enable-checking=release --build=x86_64-linux-gnu --host=x86_64-linux-gnu --target=x86_64-linux-gnu
Thread model: posix
gcc version 4.9.2 (Ubuntu 4.9.2-10ubuntu13) 
configure:3839: $? = 0
configure:3828: gcc -V >&5
gcc: error: unrecognized command line option '-V'
gcc: fatal error: no input files
compilation terminated.
configure:3839: $? = 4
configure:3828: gcc -qversion >&5
gcc: error: unrecognized command line option '-qversion'
gcc: fatal error: no input files
compilation terminated.
configure:3839: $? = 4
configure:3843: checking whether we are using the GNU C compiler
configure:3862: gcc -c   conftest.c >&5
configure:3862: $? = 0
configure:3871: result: yes
configure:3880: checking whether gcc accepts -g
configure:3900: gcc -c -g  conftest.c >&5
configure:3900: $? = 0
configure:3941: result: yes
configure:3958: checking for gcc option to accept ISO C89
configure:4022: gcc  -c -g -O2  conftest.c >&5
configure:4022: $? = 0
configure:4035: result: none needed
configure:4055: checking for a sed that does not truncate output
configure:4119: result: /bin/sed
configure:4137: checking for grep that handles long lines and -e
configure:4195: result: /bin/grep
configure:4200: checking for egrep
configure:4262: result: /bin/grep -E
configure:4267: checking for fgrep
configure:4329: result: /bin/grep -F
configure:4364: checking for ld used by gcc
configure:4431: result: /usr/bin/ld
configure:4438: checking if the linker (/usr/bin/ld) is GNU ld
configure:4453: result: yes
configure:4465: checking for BSD- or MS-compatible name lister (nm)
configure:4514: result: /usr/bin/nm -B
configure:4644: checking the name lister (/usr/bin/nm -B) interface
configure:4651: gcc -c -g -O2  conftest.c >&5
configure:4654: /usr/bin/nm -B "conftest.o"
configure:4657: output
0000000000000000 B some_variable
configure:4664: result: BSD nm
configure:4668: checking the maximum length of command line arguments
configure:4798: result: 1572864
configure:4815: checking whether the shell understands some XSI constructs
configure:4825: result: yes
configure:4829: checking whether the shell understands "+="
configure:4835: result: yes
configure:4870: checking how to convert x86_64-unknown-linux-gnu file names to x86_64-unknown-linux-gnu format
configure:4910: result: func_convert_file_noop
configure:4917: checking how to convert x86_64-unknown-linux-gnu file names to toolchain format
configure:4937: result: func_convert_file_noop
configure:4944: checking for /usr/bin/ld option to reload object files
configure:4951: result: -r
configure:5025: checking for objdump
configure:5041: found /usr/bin/objdump
configure:5052: result: objdump
configure:5084: checking how to recognize dependent libraries
configure:5286: result: pass_all
configure:5371: checking for dlltool
configure:5401: result: no
configure:5431: checking how to associate runtime and link libraries
configure:5458: result: printf %s\n
configure:5519: checking for ar
configure:5535: found /usr/bin/ar
configure:5546: result: ar
configure:5583: checking for archiver @FILE support
configure:5600: gcc -c -g -O2  conftest.c >&5
configure:5600: $? = 0
configure:5603: ar cru libconftest.a @conftest.lst >&5
configure:5606: $? = 0
configure:5611: ar cru libconftest.a @conftest.lst >&5
ar: conftest.o: No such file or directory
configure:5614: $? = 1
configure:5626: result: @
configure:5684: checking for strip
configure:5700: found /usr/bin/strip
configure:5711: result: strip
configure:5783: checking for ranlib
configure:5799: found /usr/bin/ranlib
configure:5810: result: ranlib
configure:5887: checking for gawk
configure:5903: found /usr/bin/gawk
configure:5914: result: gawk
configure:5954: checking command to parse /usr/bin/nm -B output from gcc object
configure:6074: gcc -c -g -O2  conftest.c >&5
configure:6077: $? = 0
configure:6081: /usr/bin/nm -B conftest.o \| sed -n -e 's/^.*[ ]\([ABCDGIRSTW][ABCDGIRSTW]*\)[ ][ ]*\([_A-Za-z][_A-Za-z0-9]*\)$/\1 \2 \2/p' | sed '/ __gnu_lto/d' \> conftest.nm
configure:6084: $? = 0
configure:6150: gcc -o conftest -g -O2   conftest.c conftstm.o >&5
configure:6153: $? = 0
configure:6191: result: ok
configure:6228: checking for sysroot
configure:6258: result: no
configure:6335: gcc -c -g -O2  conftest.c >&5
configure:6338: $? = 0
configure:6514: checking for mt
configure:6530: found /bin/mt
configure:6541: result: mt
configure:6564: checking if mt is a manifest tool
configure:6570: mt '-?'
configure:6578: result: no
configure:7220: checking how to run the C preprocessor
configure:7251: gcc -E  conftest.c
configure:7251: $? = 0
configure:7265: gcc -E  conftest.c
conftest.c:9:28: fatal error: ac_nonexistent.h: No such file or directory
 #include <ac_nonexistent.h>
                            ^
compilation terminated.
configure:7265: $? = 1
configure: failed program was:
| /* confdefs.h */
| #define PACKAGE_NAME ""
| #define PACKAGE_TARNAME ""
| #define PACKAGE_VERSION ""
| #define PACKAGE_STRING ""
| #define PACKAGE_BUGREPORT ""
| #define PACKAGE_URL ""
| /* end confdefs.h.  */
| #include <ac_nonexistent.h>
configure:7290: result: gcc -E
configure:7310: gcc -E  conftest.c
configure:7310: $? = 0
configure:7324: gcc -E  conftest.c
conftest.c:9:28: fatal error: ac_nonexistent.h: No such file or directory
 #include <ac_nonexistent.h>
                            ^
compilation terminated.
configure:7324: $? = 1
configure: failed program was:
| /* confdefs.h */
| #define PACKAGE_NAME ""
| #define PACKAGE_TARNAME ""
| #define PACKAGE_VERSION ""
| #define PACKAGE_STRING ""
| #define PACKAGE_BUGREPORT ""
| #define PACKAGE_URL ""
| /* end confdefs.h.  */
| #include <ac_nonexistent.h>
configure:7353: checking for ANSI C header files
configure:7373: gcc -c -g -O2  conftest.c >&5
configure:7373: $? = 0
configure:7446: gcc -o conftest -g -O2   conftest.c  >&5
configure:7446: $? = 0
configure:7446: ./conftest
configure:7446: $? = 0
configure:7457: result: yes
configure:7470: checking for sys/types.h
configure:7470: gcc -c -g -O2  conftest.c >&5
configure:7470: $? = 0
configure:7470: result: yes
configure:7470: checking for sys/stat.h
configure:7470: gcc -c -g -O2  conftest.c >&5
configure:7470: $? = 0
configure:7470: result: yes
configure:7470: checking for stdlib.h
configure:7470: gcc -c -g -O2  conftest.c >&5
configure:7470: $? = 0
configure:7470: result: yes
configure:7470: checking for string.h
configure:7470: gcc -c -g -O2  conftest.c >&5
configure:7470: $? = 0
configure:7470: result: yes
configure:7470: checking for memory.h
configure:7470: gcc -c -g -O2  conftest.c >&5
configure:7470: $? = 0
configure:7470: result: yes
configure:7470: checking for strings.h
configure:7470: gcc -c -g -O2  conftest.c >&5
configure:7470: $? = 0
configure:7470: result: yes
configure:7470: checking for inttypes.h
configure:7470: gcc -c -g -O2  conftest.c >&5
configure:7470: $? = 0
configure:7470: result: yes
configure:7470: checking for stdint.h
configure:7470: gcc -c -g -O2  conftest.c >&5
configure:7470: $? = 0
configure:7470: result: yes
configure:7470: checking for unistd.h
configure:7470: gcc -c -g -O2  conftest.c >&5
configure:7470: $? = 0
configure:7470: result: yes
configure:7484: checking for dlfcn.h
configure:7484: gcc -c -g -O2  conftest.c >&5
configure:7484: $? = 0
configure:7484: result: yes
configure:7641: checking for objdir
configure:7656: result: .libs
configure:7923: checking if gcc supports -fno-rtti -fno-exceptions
configure:7941: gcc -c -g -O2  -fno-rtti -fno-exceptions conftest.c >&5
cc1: warning: command line option '-fno-rtti' is valid for C++/ObjC++ but not for C
configure:7945: $? = 0
configure:7958: result: no
configure:8285: checking for gcc option to produce PIC
configure:8292: result: -fPIC -DPIC
configure:8300: checking if gcc PIC flag -fPIC -DPIC works
configure:8318: gcc -c -g -O2  -fPIC -DPIC -DPIC conftest.c >&5
configure:8322: $? = 0
configure:8335: result: yes
configure:8364: checking if gcc static flag -static works
configure:8392: result: yes
configure:8407: checking if gcc supports -c -o file.o
configure:8428: gcc -c -g -O2  -o out/conftest2.o conftest.c >&5
configure:8432: $? = 0
configure:8454: result: yes
configure:8462: checking if gcc supports -c -o file.o
configure:8509: result: yes
configure:8542: checking whether the gcc linker (/usr/bin/ld -m elf_x86_64) supports shared libraries
configure:9699: result: yes
configure:9736: checking whether -lc should be explicitly linked in
configure:9744: gcc -c -g -O2  conftest.c >&5
configure:9747: $? = 0
configure:9762: gcc -shared  -fPIC -DPIC conftest.o  -v -Wl,-soname -Wl,conftest -o conftest 2\>\&1 \| /bin/grep  -lc  \>/dev/null 2\>\&1
configure:9765: $? = 0
configure:9779: result: no
configure:9939: checking dynamic linker characteristics
configure:10450: gcc -o conftest -g -O2   -Wl,-rpath -Wl,/foo conftest.c  >&5
configure:10450: $? = 0
configure:10684: result: GNU/Linux ld.so
configure:10791: checking how to hardcode library paths into programs
configure:10816: result: immediate
configure:11356: checking whether stripping libraries is possible
configure:11361: result: yes
configure:11396: checking if libtool supports shared libraries
configure:11398: result: yes
configure:11401: checking whether to build shared libraries
configure:11422: result: yes
configure:11425: checking whether to build static libraries
configure:11429: result: no
configure:11452: checking how to run the C++ preprocessor
configure:11479: g++ -E  conftest.cpp
configure:11479: $? = 0
configure:11493: g++ -E  conftest.cpp
conftest.cpp:21:28: fatal error: ac_nonexistent.h: No such file or directory
 #include <ac_nonexistent.h>
                            ^
compilation terminated.
configure:11493: $? = 1
configure: failed program was:
| /* confdefs.h */
| #define PACKAGE_NAME ""
| #define PACKAGE_TARNAME ""
| #define PACKAGE_VERSION ""
| #define PACKAGE_STRING ""
| #define PACKAGE_BUGREPORT ""
| #define PACKAGE_URL ""
| #define STDC_HEADERS 1
| #define HAVE_SYS_TYPES_H 1
| #define HAVE_SYS_STAT_H 1
| #define HAVE_STDLIB_H 1
| #define HAVE_STRING_H 1
| #define HAVE_MEMORY_H 1
| #define HAVE_STRINGS_H 1
| #define HAVE_INTTYPES_H 1
| #define HAVE_STDINT_H 1
| #define HAVE_UNISTD_H 1
| #define HAVE_DLFCN_H 1
| #define LT_OBJDIR ".libs/"
| /* end confdefs.h.  */
| #include <ac_nonexistent.h>
configure:11518: result: g++ -E
configure:11538: g++ -E  conftest.cpp
configure:11538: $? = 0
configure:11552: g++ -E  conftest.cpp
conftest.cpp:21:28: fatal error: ac_nonexistent.h: No such file or directory
 #include <ac_nonexistent.h>
                            ^
compilation terminated.
configure:11552: $? = 1
configure: failed program was:
| /* confdefs.h */
| #define PACKAGE_NAME ""
| #define PACKAGE_TARNAME ""
| #define PACKAGE_VERSION ""
| #define PACKAGE_STRING ""
| #define PACKAGE_BUGREPORT ""
| #define PACKAGE_URL ""
| #define STDC_HEADERS 1
| #define HAVE_SYS_TYPES_H 1
| #define HAVE_SYS_STAT_H 1
| #define HAVE_STDLIB_H 1
| #define HAVE_STRING_H 1
| #define HAVE_MEMORY_H 1
| #define HAVE_STRINGS_H 1
| #define HAVE_INTTYPES_H 1
| #define HAVE_STDINT_H 1
| #define HAVE_UNISTD_H 1
| #define HAVE_DLFCN_H 1
| #define LT_OBJDIR ".libs/"
| /* end confdefs.h.  */
| #include <ac_nonexistent.h>
configure:11721: checking for ld used by g++
configure:11788: result: /usr/bin/ld -m elf_x86_64
configure:11795: checking if the linker (/usr/bin/ld -m elf_x86_64) is GNU ld
configure:11810: result: yes
configure:11865: checking whether the g++ linker (/usr/bin/ld -m elf_x86_64) supports shared libraries
configure:12870: result: yes
configure:12906: g++ -c -g -O2  conftest.cpp >&5
configure:12909: $? = 0
configure:13429: checking for g++ option to produce PIC
configure:13436: result: -fPIC -DPIC
configure:13444: checking if g++ PIC flag -fPIC -DPIC works
configure:13462: g++ -c -g -O2  -fPIC -DPIC -DPIC conftest.cpp >&5
configure:13466: $? = 0
configure:13479: result: yes
configure:13502: checking if g++ static flag -static works
configure:13530: result: yes
configure:13542: checking if g++ supports -c -o file.o
configure:13563: g++ -c -g -O2  -o out/conftest2.o conftest.cpp >&5
configure:13567: $? = 0
configure:13589: result: yes
configure:13594: checking if g++ supports -c -o file.o
configure:13641: result: yes
configure:13671: checking whether the g++ linker (/usr/bin/ld -m elf_x86_64) supports shared libraries
configure:13710: result: yes
configure:13851: checking dynamic linker characteristics
configure:14530: result: GNU/Linux ld.so
configure:14583: checking how to hardcode library paths into programs
configure:14608: result: immediate
configure:14758: checking for cos in -lm
configure:14783: gcc -o conftest -g -O2   conftest.c -lm   >&5
conftest.c:28:6: warning: conflicting types for built-in function 'cos'
 char cos ();
      ^
configure:14783: $? = 0
configure:14792: result: yes
configure:14813: checking whether the compiler implements namespaces
configure:14836: g++ -c -g -O2  conftest.cpp >&5
configure:14836: $? = 0
configure:14850: result: yes
configure:14858: checking whether the compiler has stringstream
configure:14885: g++ -c -g -O2  conftest.cpp >&5
configure:14885: $? = 0
configure:14899: result: yes
configure:15014: g++ -o conftest -g -O2   conftest.cpp  -lm >&5
configure:15014: $? = 0
configure:15045: checking for dirent.h that defines DIR
configure:15064: gcc -c -g -O2  conftest.c >&5
configure:15064: $? = 0
configure:15072: result: yes
configure:15085: checking for library containing opendir
configure:15116: gcc -o conftest -g -O2   conftest.c  -lm >&5
configure:15116: $? = 0
configure:15133: result: none required
configure:15200: checking for ANSI C header files
configure:15304: result: yes
configure:15312: checking for sys/wait.h that is POSIX.1 compatible
configure:15338: gcc -c -g -O2  conftest.c >&5
configure:15338: $? = 0
configure:15345: result: yes
configure:15356: checking fcntl.h usability
configure:15356: gcc -c -g -O2  conftest.c >&5
configure:15356: $? = 0
configure:15356: result: yes
configure:15356: checking fcntl.h presence
configure:15356: gcc -E  conftest.c
configure:15356: $? = 0
configure:15356: result: yes
configure:15356: checking for fcntl.h
configure:15356: result: yes
configure:15356: checking malloc.h usability
configure:15356: gcc -c -g -O2  conftest.c >&5
configure:15356: $? = 0
configure:15356: result: yes
configure:15356: checking malloc.h presence
configure:15356: gcc -E  conftest.c
configure:15356: $? = 0
configure:15356: result: yes
configure:15356: checking for malloc.h
configure:15356: result: yes
configure:15356: checking sys/file.h usability
configure:15356: gcc -c -g -O2  conftest.c >&5
configure:15356: $? = 0
configure:15356: result: yes
configure:15356: checking sys/file.h presence
configure:15356: gcc -E  conftest.c
configure:15356: $? = 0
configure:15356: result: yes
configure:15356: checking for sys/file.h
configure:15356: result: yes
configure:15356: checking sys/ioctl.h usability
configure:15356: gcc -c -g -O2  conftest.c >&5
configure:15356: $? = 0
configure:15356: result: yes
configure:15356: checking sys/ioctl.h presence
configure:15356: gcc -E  conftest.c
configure:15356: $? = 0
configure:15356: result: yes
configure:15356: checking for sys/ioctl.h
configure:15356: result: yes
configure:15356: checking sys/time.h usability
configure:15356: gcc -c -g -O2  conftest.c >&5
configure:15356: $? = 0
configure:15356: result: yes
configure:15356: checking sys/time.h presence
configure:15356: gcc -E  conftest.c
configure:15356: $? = 0
configure:15356: result: yes
configure:15356: checking for sys/time.h
configure:15356: result: yes
configure:15356: checking for unistd.h
configure:15356: result: yes
configure:15356: checking osfcn.h usability
configure:15356: gcc -c -g -O2  conftest.c >&5
conftest.c:65:19: fatal error: osfcn.h: No such file or directory
 #include <osfcn.h>
                   ^
compilation terminated.
configure:15356: $? = 1
configure: failed program was:
| /* confdefs.h */
| #define PACKAGE_NAME ""
| #define PACKAGE_TARNAME ""
| #define PACKAGE_VERSION ""
| #define PACKAGE_STRING ""
| #define PACKAGE_BUGREPORT ""
| #define PACKAGE_URL ""
| #define STDC_HEADERS 1
| #define HAVE_SYS_TYPES_H 1
| #define HAVE_SYS_STAT_H 1
| #define HAVE_STDLIB_H 1
| #define HAVE_STRING_H 1
| #define HAVE_MEMORY_H 1
| #define HAVE_STRINGS_H 1
| #define HAVE_INTTYPES_H 1
| #define HAVE_STDINT_H 1
| #define HAVE_UNISTD_H 1
| #define HAVE_DLFCN_H 1
| #define LT_OBJDIR ".libs/"
| #define HAVE_NAMESPACES /**/
| #define HAVE_SSTREAM /**/
| #define HAVE_DIRENT_H 1
| #define STDC_HEADERS 1
| #define HAVE_SYS_WAIT_H 1
| #define HAVE_FCNTL_H 1
| #define HAVE_MALLOC_H 1
| #define HAVE_SYS_FILE_H 1
| #define HAVE_SYS_IOCTL_H 1
| #define HAVE_SYS_TIME_H 1
| #define HAVE_UNISTD_H 1
| /* end confdefs.h.  */
| #include <stdio.h>
| #ifdef HAVE_SYS_TYPES_H
| # include <sys/types.h>
| #endif
| #ifdef HAVE_SYS_STAT_H
| # include <sys/stat.h>
| #endif
| #ifdef STDC_HEADERS
| # include <stdlib.h>
| # include <stddef.h>
| #else
| # ifdef HAVE_STDLIB_H
| #  include <stdlib.h>
| # endif
| #endif
| #ifdef HAVE_STRING_H
| # if !defined STDC_HEADERS && defined HAVE_MEMORY_H
| #  include <memory.h>
| # endif
| # include <string.h>
| #endif
| #ifdef HAVE_STRINGS_H
| # include <strings.h>
| #endif
| #ifdef HAVE_INTTYPES_H
| # include <inttypes.h>
| #endif
| #ifdef HAVE_STDINT_H
| # include <stdint.h>
| #endif
| #ifdef HAVE_UNISTD_H
| # include <unistd.h>
| #endif
| #include <osfcn.h>
configure:15356: result: no
configure:15356: checking osfcn.h presence
configure:15356: gcc -E  conftest.c
conftest.c:32:19: fatal error: osfcn.h: No such file or directory
 #include <osfcn.h>
                   ^
compilation terminated.
configure:15356: $? = 1
configure: failed program was:
| /* confdefs.h */
| #define PACKAGE_NAME ""
| #define PACKAGE_TARNAME ""
| #define PACKAGE_VERSION ""
| #define PACKAGE_STRING ""
| #define PACKAGE_BUGREPORT ""
| #define PACKAGE_URL ""
| #define STDC_HEADERS 1
| #define HAVE_SYS_TYPES_H 1
| #define HAVE_SYS_STAT_H 1
| #define HAVE_STDLIB_H 1
| #define HAVE_STRING_H 1
| #define HAVE_MEMORY_H 1
| #define HAVE_STRINGS_H 1
| #define HAVE_INTTYPES_H 1
| #define HAVE_STDINT_H 1
| #define HAVE_UNISTD_H 1
| #define HAVE_DLFCN_H 1
| #define LT_OBJDIR ".libs/"
| #define HAVE_NAMESPACES /**/
| #define HAVE_SSTREAM /**/
| #define HAVE_DIRENT_H 1
| #define STDC_HEADERS 1
| #define HAVE_SYS_WAIT_H 1
| #define HAVE_FCNTL_H 1
| #define HAVE_MALLOC_H 1
| #define HAVE_SYS_FILE_H 1
| #define HAVE_SYS_IOCTL_H 1
| #define HAVE_SYS_TIME_H 1
| #define HAVE_UNISTD_H 1
| /* end confdefs.h.  */
| #include <osfcn.h>
configure:15356: result: no
configure:15356: checking for osfcn.h
configure:15356: result: no
configure:15356: checking sys/select.h usability
configure:15356: gcc -c -g -O2  conftest.c >&5
configure:15356: $? = 0
configure:15356: result: yes
configure:15356: checking sys/select.h presence
configure:15356: gcc -E  conftest.c
configure:15356: $? = 0
configure:15356: result: yes
configure:15356: checking for sys/select.h
configure:15356: result: yes
configure:15356: checking for sys/stat.h
configure:15356: result: yes
configure:15356: checking sys/mman.h usability
configure:15356: gcc -c -g -O2  conftest.c >&5
configure:15356: $? = 0
configure:15356: result: yes
configure:15356: checking sys/mman.h presence
configure:15356: gcc -E  conftest.c
configure:15356: $? = 0
configure:15356: result: yes
configure:15356: checking for sys/mman.h
configure:15356: result: yes
configure:15356: checking stropts.h usability
configure:15356: gcc -c -g -O2  conftest.c >&5
configure:15356: $? = 0
configure:15356: result: yes
configure:15356: checking stropts.h presence
configure:15356: gcc -E  conftest.c
configure:15356: $? = 0
configure:15356: result: yes
configure:15356: checking for stropts.h
configure:15356: result: yes
configure:15356: checking sys/conf.h usability
configure:15356: gcc -c -g -O2  conftest.c >&5
conftest.c:69:22: fatal error: sys/conf.h: No such file or directory
 #include <sys/conf.h>
                      ^
compilation terminated.
configure:15356: $? = 1
configure: failed program was:
| /* confdefs.h */
| #define PACKAGE_NAME ""
| #define PACKAGE_TARNAME ""
| #define PACKAGE_VERSION ""
| #define PACKAGE_STRING ""
| #define PACKAGE_BUGREPORT ""
| #define PACKAGE_URL ""
| #define STDC_HEADERS 1
| #define HAVE_SYS_TYPES_H 1
| #define HAVE_SYS_STAT_H 1
| #define HAVE_STDLIB_H 1
| #define HAVE_STRING_H 1
| #define HAVE_MEMORY_H 1
| #define HAVE_STRINGS_H 1
| #define HAVE_INTTYPES_H 1
| #define HAVE_STDINT_H 1
| #define HAVE_UNISTD_H 1
| #define HAVE_DLFCN_H 1
| #define LT_OBJDIR ".libs/"
| #define HAVE_NAMESPACES /**/
| #define HAVE_SSTREAM /**/
| #define HAVE_DIRENT_H 1
| #define STDC_HEADERS 1
| #define HAVE_SYS_WAIT_H 1
| #define HAVE_FCNTL_H 1
| #define HAVE_MALLOC_H 1
| #define HAVE_SYS_FILE_H 1
| #define HAVE_SYS_IOCTL_H 1
| #define HAVE_SYS_TIME_H 1
| #define HAVE_UNISTD_H 1
| #define HAVE_SYS_SELECT_H 1
| #define HAVE_SYS_STAT_H 1
| #define HAVE_SYS_MMAN_H 1
| #define HAVE_STROPTS_H 1
| /* end confdefs.h.  */
| #include <stdio.h>
| #ifdef HAVE_SYS_TYPES_H
| # include <sys/types.h>
| #endif
| #ifdef HAVE_SYS_STAT_H
| # include <sys/stat.h>
| #endif
| #ifdef STDC_HEADERS
| # include <stdlib.h>
| # include <stddef.h>
| #else
| # ifdef HAVE_STDLIB_H
| #  include <stdlib.h>
| # endif
| #endif
| #ifdef HAVE_STRING_H
| # if !defined STDC_HEADERS && defined HAVE_MEMORY_H
| #  include <memory.h>
| # endif
| # include <string.h>
| #endif
| #ifdef HAVE_STRINGS_H
| # include <strings.h>
| #endif
| #ifdef HAVE_INTTYPES_H
| # include <inttypes.h>
| #endif
| #ifdef HAVE_STDINT_H
| # include <stdint.h>
| #endif
| #ifdef HAVE_UNISTD_H
| # include <unistd.h>
| #endif
| #include <sys/conf.h>
configure:15356: result: no
configure:15356: checking sys/conf.h presence
configure:15356: gcc -E  conftest.c
conftest.c:36:22: fatal error: sys/conf.h: No such file or directory
 #include <sys/conf.h>
                      ^
compilation terminated.
configure:15356: $? = 1
configure: failed program was:
| /* confdefs.h */
| #define PACKAGE_NAME ""
| #define PACKAGE_TARNAME ""
| #define PACKAGE_VERSION ""
| #define PACKAGE_STRING ""
| #define PACKAGE_BUGREPORT ""
| #define PACKAGE_URL ""
| #define STDC_HEADERS 1
| #define HAVE_SYS_TYPES_H 1
| #define HAVE_SYS_STAT_H 1
| #define HAVE_STDLIB_H 1
| #define HAVE_STRING_H 1
| #define HAVE_MEMORY_H 1
| #define HAVE_STRINGS_H 1
| #define HAVE_INTTYPES_H 1
| #define HAVE_STDINT_H 1
| #define HAVE_UNISTD_H 1
| #define HAVE_DLFCN_H 1
| #define LT_OBJDIR ".libs/"
| #define HAVE_NAMESPACES /**/
| #define HAVE_SSTREAM /**/
| #define HAVE_DIRENT_H 1
| #define STDC_HEADERS 1
| #define HAVE_SYS_WAIT_H 1
| #define HAVE_FCNTL_H 1
| #define HAVE_MALLOC_H 1
| #define HAVE_SYS_FILE_H 1
| #define HAVE_SYS_IOCTL_H 1
| #define HAVE_SYS_TIME_H 1
| #define HAVE_UNISTD_H 1
| #define HAVE_SYS_SELECT_H 1
| #define HAVE_SYS_STAT_H 1
| #define HAVE_SYS_MMAN_H 1
| #define HAVE_STROPTS_H 1
| /* end confdefs.h.  */
| #include <sys/conf.h>
configure:15356: result: no
configure:15356: checking for sys/conf.h
configure:15356: result: no
configure:15374: checking for X
configure:15482: gcc -E  conftest.c
configure:15482: $? = 0
configure:15513: gcc -o conftest -g -O2   conftest.c -lX11  -lm >&5
configure:15513: $? = 0
configure:15563: result: libraries , headers 
configure:15662: gcc -o conftest -g -O2   conftest.c  -lm  -lX11 >&5
configure:15662: $? = 0
configure:15760: checking for gethostbyname
configure:15760: gcc -o conftest -g -O2   conftest.c  -lm >&5
configure:15760: $? = 0
configure:15760: result: yes
configure:15857: checking for connect
configure:15857: gcc -o conftest -g -O2   conftest.c  -lm >&5
configure:15857: $? = 0
configure:15857: result: yes
configure:15906: checking for remove
configure:15906: gcc -o conftest -g -O2   conftest.c  -lm >&5
configure:15906: $? = 0
configure:15906: result: yes
configure:15955: checking for shmat
configure:15955: gcc -o conftest -g -O2   conftest.c  -lm >&5
configure:15955: $? = 0
configure:15955: result: yes
configure:16013: checking for IceConnectionNumber in -lICE
configure:16038: gcc -o conftest -g -O2   conftest.c -lICE   -lm >&5
configure:16038: $? = 0
configure:16047: result: yes
configure:16117: g++ -c -g -O2  conftest.cpp >&5
configure:16117: $? = 0
configure:16169: checking for off_t
configure:16169: gcc -c -g -O2  conftest.c >&5
configure:16169: $? = 0
configure:16169: gcc -c -g -O2  conftest.c >&5
conftest.c: In function 'main':
conftest.c:73:20: error: expected expression before ')' token
 if (sizeof ((off_t)))
                    ^
configure:16169: $? = 1
configure: failed program was:
| /* confdefs.h */
| #define PACKAGE_NAME ""
| #define PACKAGE_TARNAME ""
| #define PACKAGE_VERSION ""
| #define PACKAGE_STRING ""
| #define PACKAGE_BUGREPORT ""
| #define PACKAGE_URL ""
| #define STDC_HEADERS 1
| #define HAVE_SYS_TYPES_H 1
| #define HAVE_SYS_STAT_H 1
| #define HAVE_STDLIB_H 1
| #define HAVE_STRING_H 1
| #define HAVE_MEMORY_H 1
| #define HAVE_STRINGS_H 1
| #define HAVE_INTTYPES_H 1
| #define HAVE_STDINT_H 1
| #define HAVE_UNISTD_H 1
| #define HAVE_DLFCN_H 1
| #define LT_OBJDIR ".libs/"
| #define HAVE_NAMESPACES /**/
| #define HAVE_SSTREAM /**/
| #define HAVE_DIRENT_H 1
| #define STDC_HEADERS 1
| #define HAVE_SYS_WAIT_H 1
| #define HAVE_FCNTL_H 1
| #define HAVE_MALLOC_H 1
| #define HAVE_SYS_FILE_H 1
| #define HAVE_SYS_IOCTL_H 1
| #define HAVE_SYS_TIME_H 1
| #define HAVE_UNISTD_H 1
| #define HAVE_SYS_SELECT_H 1
| #define HAVE_SYS_STAT_H 1
| #define HAVE_SYS_MMAN_H 1
| #define HAVE_STROPTS_H 1
| #define IVOS_FABS ::fabs
| /* end confdefs.h.  */
| #include <stdio.h>
| #ifdef HAVE_SYS_TYPES_H
| # include <sys/types.h>
| #endif
| #ifdef HAVE_SYS_STAT_H
| # include <sys/stat.h>
| #endif
| #ifdef STDC_HEADERS
| # include <stdlib.h>
| # include <stddef.h>
| #else
| # ifdef HAVE_STDLIB_H
| #  include <stdlib.h>
| # endif
| #endif
| #ifdef HAVE_STRING_H
| # if !defined STDC_HEADERS && defined HAVE_MEMORY_H
| #  include <memory.h>
| # endif
| # include <string.h>
| #endif
| #ifdef HAVE_STRINGS_H
| # include <strings.h>
| #endif
| #ifdef HAVE_INTTYPES_H
| # include <inttypes.h>
| #endif
| #ifdef HAVE_STDINT_H
| # include <stdint.h>
| #endif
| #ifdef HAVE_UNISTD_H
| # include <unistd.h>
| #endif
| int
| main ()
| {
| if (sizeof ((off_t)))
| 	    return 0;
|   ;
|   return 0;
| }
configure:16169: result: yes
configure:16180: checking for pid_t
configure:16180: gcc -c -g -O2  conftest.c >&5
configure:16180: $? = 0
configure:16180: gcc -c -g -O2  conftest.c >&5
conftest.c: In function 'main':
conftest.c:73:20: error: expected expression before ')' token
 if (sizeof ((pid_t)))
                    ^
configure:16180: $? = 1
configure: failed program was:
| /* confdefs.h */
| #define PACKAGE_NAME ""
| #define PACKAGE_TARNAME ""
| #define PACKAGE_VERSION ""
| #define PACKAGE_STRING ""
| #define PACKAGE_BUGREPORT ""
| #define PACKAGE_URL ""
| #define STDC_HEADERS 1
| #define HAVE_SYS_TYPES_H 1
| #define HAVE_SYS_STAT_H 1
| #define HAVE_STDLIB_H 1
| #define HAVE_STRING_H 1
| #define HAVE_MEMORY_H 1
| #define HAVE_STRINGS_H 1
| #define HAVE_INTTYPES_H 1
| #define HAVE_STDINT_H 1
| #define HAVE_UNISTD_H 1
| #define HAVE_DLFCN_H 1
| #define LT_OBJDIR ".libs/"
| #define HAVE_NAMESPACES /**/
| #define HAVE_SSTREAM /**/
| #define HAVE_DIRENT_H 1
| #define STDC_HEADERS 1
| #define HAVE_SYS_WAIT_H 1
| #define HAVE_FCNTL_H 1
| #define HAVE_MALLOC_H 1
| #define HAVE_SYS_FILE_H 1
| #define HAVE_SYS_IOCTL_H 1
| #define HAVE_SYS_TIME_H 1
| #define HAVE_UNISTD_H 1
| #define HAVE_SYS_SELECT_H 1
| #define HAVE_SYS_STAT_H 1
| #define HAVE_SYS_MMAN_H 1
| #define HAVE_STROPTS_H 1
| #define IVOS_FABS ::fabs
| /* end confdefs.h.  */
| #include <stdio.h>
| #ifdef HAVE_SYS_TYPES_H
| # include <sys/types.h>
| #endif
| #ifdef HAVE_SYS_STAT_H
| # include <sys/stat.h>
| #endif
| #ifdef STDC_HEADERS
| # include <stdlib.h>
| # include <stddef.h>
| #else
| # ifdef HAVE_STDLIB_H
| #  include <stdlib.h>
| # endif
| #endif
| #ifdef HAVE_STRING_H
| # if !defined STDC_HEADERS && defined HAVE_MEMORY_H
| #  include <memory.h>
| # endif
| # include <string.h>
| #endif
| #ifdef HAVE_STRINGS_H
| # include <strings.h>
| #endif
| #ifdef HAVE_INTTYPES_H
| # include <inttypes.h>
| #endif
| #ifdef HAVE_STDINT_H
| # include <stdint.h>
| #endif
| #ifdef HAVE_UNISTD_H
| # include <unistd.h>
| #endif
| int
| main ()
| {
| if (sizeof ((pid_t)))
| 	    return 0;
|   ;
|   return 0;
| }
configure:16180: result: yes
configure:16191: checking for size_t
configure:16191: gcc -c -g -O2  conftest.c >&5
configure:16191: $? = 0
configure:16191: gcc -c -g -O2  conftest.c >&5
conftest.c: In function 'main':
conftest.c:73:21: error: expected expression before ')' token
 if (sizeof ((size_t)))
                     ^
configure:16191: $? = 1
configure: failed program was:
| /* confdefs.h */
| #define PACKAGE_NAME ""
| #define PACKAGE_TARNAME ""
| #define PACKAGE_VERSION ""
| #define PACKAGE_STRING ""
| #define PACKAGE_BUGREPORT ""
| #define PACKAGE_URL ""
| #define STDC_HEADERS 1
| #define HAVE_SYS_TYPES_H 1
| #define HAVE_SYS_STAT_H 1
| #define HAVE_STDLIB_H 1
| #define HAVE_STRING_H 1
| #define HAVE_MEMORY_H 1
| #define HAVE_STRINGS_H 1
| #define HAVE_INTTYPES_H 1
| #define HAVE_STDINT_H 1
| #define HAVE_UNISTD_H 1
| #define HAVE_DLFCN_H 1
| #define LT_OBJDIR ".libs/"
| #define HAVE_NAMESPACES /**/
| #define HAVE_SSTREAM /**/
| #define HAVE_DIRENT_H 1
| #define STDC_HEADERS 1
| #define HAVE_SYS_WAIT_H 1
| #define HAVE_FCNTL_H 1
| #define HAVE_MALLOC_H 1
| #define HAVE_SYS_FILE_H 1
| #define HAVE_SYS_IOCTL_H 1
| #define HAVE_SYS_TIME_H 1
| #define HAVE_UNISTD_H 1
| #define HAVE_SYS_SELECT_H 1
| #define HAVE_SYS_STAT_H 1
| #define HAVE_SYS_MMAN_H 1
| #define HAVE_STROPTS_H 1
| #define IVOS_FABS ::fabs
| /* end confdefs.h.  */
| #include <stdio.h>
| #ifdef HAVE_SYS_TYPES_H
| # include <sys/types.h>
| #endif
| #ifdef HAVE_SYS_STAT_H
| # include <sys/stat.h>
| #endif
| #ifdef STDC_HEADERS
| # include <stdlib.h>
| # include <stddef.h>
| #else
| # ifdef HAVE_STDLIB_H
| #  include <stdlib.h>
| # endif
| #endif
| #ifdef HAVE_STRING_H
| # if !defined STDC_HEADERS && defined HAVE_MEMORY_H
| #  include <memory.h>
| # endif
| # include <string.h>
| #endif
| #ifdef HAVE_STRINGS_H
| # include <strings.h>
| #endif
| #ifdef HAVE_INTTYPES_H
| # include <inttypes.h>
| #endif
| #ifdef HAVE_STDINT_H
| # include <stdint.h>
| #endif
| #ifdef HAVE_UNISTD_H
| # include <unistd.h>
| #endif
| int
| main ()
| {
| if (sizeof ((size_t)))
| 	    return 0;
|   ;
|   return 0;
| }
configure:16191: result: yes
configure:16202: checking whether time.h and sys/time.h may both be included
configure:16222: gcc -c -g -O2  conftest.c >&5
configure:16222: $? = 0
configure:16229: result: yes
configure:16237: checking whether struct tm is in sys/time.h or time.h
configure:16257: gcc -c -g -O2  conftest.c >&5
configure:16257: $? = 0
configure:16264: result: time.h
configure:16272: checking for uid_t in sys/types.h
configure:16291: result: yes
configure:16303: checking for working memcmp
configure:16346: gcc -o conftest -g -O2   conftest.c  -lm >&5
configure:16346: $? = 0
configure:16346: ./conftest
configure:16346: $? = 0
configure:16356: result: yes
configure:16371: checking for stdlib.h
configure:16371: result: yes
configure:16371: checking for unistd.h
configure:16371: result: yes
configure:16371: checking for sys/param.h
configure:16371: gcc -c -g -O2  conftest.c >&5
configure:16371: $? = 0
configure:16371: result: yes
configure:16391: checking for getpagesize
configure:16391: gcc -o conftest -g -O2   conftest.c  -lm >&5
configure:16391: $? = 0
configure:16391: result: yes
configure:16400: checking for working mmap
configure:16547: gcc -o conftest -g -O2   conftest.c  -lm >&5
configure:16547: $? = 0
configure:16547: ./conftest
configure:16547: $? = 0
configure:16557: result: yes
configure:16566: checking return type of signal handlers
configure:16584: gcc -c -g -O2  conftest.c >&5
conftest.c: In function 'main':
conftest.c:49:1: error: void value not ignored as it ought to be
 return *(signal (0, 0)) (0) == 1;
 ^
configure:16584: $? = 1
configure: failed program was:
| /* confdefs.h */
| #define PACKAGE_NAME ""
| #define PACKAGE_TARNAME ""
| #define PACKAGE_VERSION ""
| #define PACKAGE_STRING ""
| #define PACKAGE_BUGREPORT ""
| #define PACKAGE_URL ""
| #define STDC_HEADERS 1
| #define HAVE_SYS_TYPES_H 1
| #define HAVE_SYS_STAT_H 1
| #define HAVE_STDLIB_H 1
| #define HAVE_STRING_H 1
| #define HAVE_MEMORY_H 1
| #define HAVE_STRINGS_H 1
| #define HAVE_INTTYPES_H 1
| #define HAVE_STDINT_H 1
| #define HAVE_UNISTD_H 1
| #define HAVE_DLFCN_H 1
| #define LT_OBJDIR ".libs/"
| #define HAVE_NAMESPACES /**/
| #define HAVE_SSTREAM /**/
| #define HAVE_DIRENT_H 1
| #define STDC_HEADERS 1
| #define HAVE_SYS_WAIT_H 1
| #define HAVE_FCNTL_H 1
| #define HAVE_MALLOC_H 1
| #define HAVE_SYS_FILE_H 1
| #define HAVE_SYS_IOCTL_H 1
| #define HAVE_SYS_TIME_H 1
| #define HAVE_UNISTD_H 1
| #define HAVE_SYS_SELECT_H 1
| #define HAVE_SYS_STAT_H 1
| #define HAVE_SYS_MMAN_H 1
| #define HAVE_STROPTS_H 1
| #define IVOS_FABS ::fabs
| #define TIME_WITH_SYS_TIME 1
| #define HAVE_STDLIB_H 1
| #define HAVE_UNISTD_H 1
| #define HAVE_SYS_PARAM_H 1
| #define HAVE_GETPAGESIZE 1
| #define HAVE_MMAP 1
| /* end confdefs.h.  */
| #include <sys/types.h>
| #include <signal.h>
| 
| int
| main ()
| {
| return *(signal (0, 0)) (0) == 1;
|   ;
|   return 0;
| }
configure:16591: result: void
configure:16601: checking for vprintf
configure:16601: gcc -o conftest -g -O2   conftest.c  -lm >&5
conftest.c:67:6: warning: conflicting types for built-in function 'vprintf'
 char vprintf ();
      ^
configure:16601: $? = 0
configure:16601: result: yes
configure:16607: checking for _doprnt
configure:16607: gcc -o conftest -g -O2   conftest.c  -lm >&5
/tmp/cc4Dx8cb.o: In function `main':
/home/job/neuron4/iv/conftest.c:79: undefined reference to `_doprnt'
collect2: error: ld returned 1 exit status
configure:16607: $? = 1
configure: failed program was:
| /* confdefs.h */
| #define PACKAGE_NAME ""
| #define PACKAGE_TARNAME ""
| #define PACKAGE_VERSION ""
| #define PACKAGE_STRING ""
| #define PACKAGE_BUGREPORT ""
| #define PACKAGE_URL ""
| #define STDC_HEADERS 1
| #define HAVE_SYS_TYPES_H 1
| #define HAVE_SYS_STAT_H 1
| #define HAVE_STDLIB_H 1
| #define HAVE_STRING_H 1
| #define HAVE_MEMORY_H 1
| #define HAVE_STRINGS_H 1
| #define HAVE_INTTYPES_H 1
| #define HAVE_STDINT_H 1
| #define HAVE_UNISTD_H 1
| #define HAVE_DLFCN_H 1
| #define LT_OBJDIR ".libs/"
| #define HAVE_NAMESPACES /**/
| #define HAVE_SSTREAM /**/
| #define HAVE_DIRENT_H 1
| #define STDC_HEADERS 1
| #define HAVE_SYS_WAIT_H 1
| #define HAVE_FCNTL_H 1
| #define HAVE_MALLOC_H 1
| #define HAVE_SYS_FILE_H 1
| #define HAVE_SYS_IOCTL_H 1
| #define HAVE_SYS_TIME_H 1
| #define HAVE_UNISTD_H 1
| #define HAVE_SYS_SELECT_H 1
| #define HAVE_SYS_STAT_H 1
| #define HAVE_SYS_MMAN_H 1
| #define HAVE_STROPTS_H 1
| #define IVOS_FABS ::fabs
| #define TIME_WITH_SYS_TIME 1
| #define HAVE_STDLIB_H 1
| #define HAVE_UNISTD_H 1
| #define HAVE_SYS_PARAM_H 1
| #define HAVE_GETPAGESIZE 1
| #define HAVE_MMAP 1
| #define RETSIGTYPE void
| #define HAVE_VPRINTF 1
| /* end confdefs.h.  */
| /* Define _doprnt to an innocuous variant, in case <limits.h> declares _doprnt.
|    For example, HP-UX 11i <limits.h> declares gettimeofday.  */
| #define _doprnt innocuous__doprnt
| 
| /* System header to define __stub macros and hopefully few prototypes,
|     which can conflict with char _doprnt (); below.
|     Prefer <limits.h> to <assert.h> if __STDC__ is defined, since
|     <limits.h> exists even on freestanding compilers.  */
| 
| #ifdef __STDC__
| # include <limits.h>
| #else
| # include <assert.h>
| #endif
| 
| #undef _doprnt
| 
| /* Override any GCC internal prototype to avoid an error.
|    Use char because int might match the return type of a GCC
|    builtin and then its argument prototype would still apply.  */
| #ifdef __cplusplus
| extern "C"
| #endif
| char _doprnt ();
| /* The GNU C library defines this for functions which it implements
|     to always fail with ENOSYS.  Some functions are actually named
|     something starting with __ and the normal name is an alias.  */
| #if defined __stub__doprnt || defined __stub____doprnt
| choke me
| #endif
| 
| int
| main ()
| {
| return _doprnt ();
|   ;
|   return 0;
| }
configure:16607: result: no
configure:16621: checking for getcwd
configure:16621: gcc -o conftest -g -O2   conftest.c  -lm >&5
configure:16621: $? = 0
configure:16621: result: yes
configure:16621: checking for gethostname
configure:16621: gcc -o conftest -g -O2   conftest.c  -lm >&5
configure:16621: $? = 0
configure:16621: result: yes
configure:16621: checking for gettimeofday
configure:16621: gcc -o conftest -g -O2   conftest.c  -lm >&5
configure:16621: $? = 0
configure:16621: result: yes
configure:16621: checking for regcomp
configure:16621: gcc -o conftest -g -O2   conftest.c  -lm >&5
configure:16621: $? = 0
configure:16621: result: yes
configure:16621: checking for select
configure:16621: gcc -o conftest -g -O2   conftest.c  -lm >&5
configure:16621: $? = 0
configure:16621: result: yes
configure:16621: checking for socket
configure:16621: gcc -o conftest -g -O2   conftest.c  -lm >&5
configure:16621: $? = 0
configure:16621: result: yes
configure:16621: checking for strcspn
configure:16621: gcc -o conftest -g -O2   conftest.c  -lm >&5
conftest.c:74:6: warning: conflicting types for built-in function 'strcspn'
 char strcspn ();
      ^
configure:16621: $? = 0
configure:16621: result: yes
configure:16621: checking for strerror
configure:16621: gcc -o conftest -g -O2   conftest.c  -lm >&5
configure:16621: $? = 0
configure:16621: result: yes
configure:16621: checking for strtod
configure:16621: gcc -o conftest -g -O2   conftest.c  -lm >&5
configure:16621: $? = 0
configure:16621: result: yes
configure:16621: checking for strtol
configure:16621: gcc -o conftest -g -O2   conftest.c  -lm >&5
configure:16621: $? = 0
configure:16621: result: yes
configure:16621: checking for uname
configure:16621: gcc -o conftest -g -O2   conftest.c  -lm >&5
configure:16621: $? = 0
configure:16621: result: yes
configure:16631: checking for prototype for gettimeofday
configure:16654: gcc -c -g -O2  conftest.c >&5
configure:16654: $? = 0
configure:16655: result: found
configure:16669: checking for type of signal functions
configure:16692: gcc -o conftest -g -O2   conftest.c  -lm >&5
configure:16692: $? = 0
configure:16750: result: posix
configure:16901: creating ./config.status

## ---------------------- ##
## Running config.status. ##
## ---------------------- ##

This file was extended by config.status, which was
generated by GNU Autoconf 2.68.  Invocation command line was

  CONFIG_FILES    = 
  CONFIG_HEADERS  = 
  CONFIG_LINKS    = 
  CONFIG_COMMANDS = 
  $ ./config.status 

on job-Inspiron-530

config.status:1173: creating Makefile
config.status:1276: WARNING:  'Makefile.in' seems to ignore the --datarootdir setting
config.status:1173: creating src/Makefile
config.status:1276: WARNING:  'src/Makefile.in' seems to ignore the --datarootdir setting
config.status:1173: creating src/bin/Makefile
config.status:1276: WARNING:  'src/bin/Makefile.in' seems to ignore the --datarootdir setting
config.status:1173: creating src/bin/idemo/Makefile
config.status:1276: WARNING:  'src/bin/idemo/Makefile.in' seems to ignore the --datarootdir setting
config.status:1173: creating src/bin/idraw/Makefile
config.status:1276: WARNING:  'src/bin/idraw/Makefile.in' seems to ignore the --datarootdir setting
config.status:1173: creating src/bin/iclass/Makefile
config.status:1276: WARNING:  'src/bin/iclass/Makefile.in' seems to ignore the --datarootdir setting
config.status:1173: creating src/include/Makefile
config.status:1276: WARNING:  'src/include/Makefile.in' seems to ignore the --datarootdir setting
config.status:1173: creating src/lib/Makefile
config.status:1276: WARNING:  'src/lib/Makefile.in' seems to ignore the --datarootdir setting
config.status:1173: creating config.h
config.status:1173: creating src/include/ivstream.h
config.status:1348: src/include/ivstream.h is unchanged
config.status:1362: executing libtool commands

## ---------------- ##
## Cache variables. ##
## ---------------- ##

ac_cv_build=x86_64-unknown-linux-gnu
ac_cv_c_compiler_gnu=yes
ac_cv_cxx_compiler_gnu=yes
ac_cv_cxx_have_sstream=yes
ac_cv_cxx_namespaces=yes
ac_cv_env_CCC_set=
ac_cv_env_CCC_value=
ac_cv_env_CC_set=
ac_cv_env_CC_value=
ac_cv_env_CFLAGS_set=
ac_cv_env_CFLAGS_value=
ac_cv_env_CPPFLAGS_set=
ac_cv_env_CPPFLAGS_value=
ac_cv_env_CPP_set=
ac_cv_env_CPP_value=
ac_cv_env_CXXCPP_set=
ac_cv_env_CXXCPP_value=
ac_cv_env_CXXFLAGS_set=
ac_cv_env_CXXFLAGS_value=
ac_cv_env_CXX_set=
ac_cv_env_CXX_value=
ac_cv_env_LDFLAGS_set=
ac_cv_env_LDFLAGS_value=
ac_cv_env_LIBS_set=
ac_cv_env_LIBS_value=
ac_cv_env_XMKMF_set=
ac_cv_env_XMKMF_value=
ac_cv_env_build_alias_set=
ac_cv_env_build_alias_value=
ac_cv_env_host_alias_set=
ac_cv_env_host_alias_value=
ac_cv_env_target_alias_set=
ac_cv_env_target_alias_value=
ac_cv_func__doprnt=no
ac_cv_func_connect=yes
ac_cv_func_getcwd=yes
ac_cv_func_gethostbyname=yes
ac_cv_func_gethostname=yes
ac_cv_func_getpagesize=yes
ac_cv_func_gettimeofday=yes
ac_cv_func_memcmp_working=yes
ac_cv_func_mmap_fixed_mapped=yes
ac_cv_func_regcomp=yes
ac_cv_func_remove=yes
ac_cv_func_select=yes
ac_cv_func_shmat=yes
ac_cv_func_socket=yes
ac_cv_func_strcspn=yes
ac_cv_func_strerror=yes
ac_cv_func_strtod=yes
ac_cv_func_strtol=yes
ac_cv_func_uname=yes
ac_cv_func_vprintf=yes
ac_cv_have_x='have_x=yes	ac_x_includes='\'''\''	ac_x_libraries='\'''\'''
ac_cv_header_dirent_dirent_h=yes
ac_cv_header_dlfcn_h=yes
ac_cv_header_fcntl_h=yes
ac_cv_header_inttypes_h=yes
ac_cv_header_malloc_h=yes
ac_cv_header_memory_h=yes
ac_cv_header_osfcn_h=no
ac_cv_header_stdc=yes
ac_cv_header_stdint_h=yes
ac_cv_header_stdlib_h=yes
ac_cv_header_string_h=yes
ac_cv_header_strings_h=yes
ac_cv_header_stropts_h=yes
ac_cv_header_sys_conf_h=no
ac_cv_header_sys_file_h=yes
ac_cv_header_sys_ioctl_h=yes
ac_cv_header_sys_mman_h=yes
ac_cv_header_sys_param_h=yes
ac_cv_header_sys_select_h=yes
ac_cv_header_sys_stat_h=yes
ac_cv_header_sys_time_h=yes
ac_cv_header_sys_types_h=yes
ac_cv_header_sys_wait_h=yes
ac_cv_header_time=yes
ac_cv_header_unistd_h=yes
ac_cv_host=x86_64-unknown-linux-gnu
ac_cv_lib_ICE_IceConnectionNumber=yes
ac_cv_lib_m_cos=yes
ac_cv_objext=o
ac_cv_path_EGREP='/bin/grep -E'
ac_cv_path_FGREP='/bin/grep -F'
ac_cv_path_GREP=/bin/grep
ac_cv_path_SED=/bin/sed
ac_cv_path_install='/usr/bin/install -c'
ac_cv_prog_AWK=gawk
ac_cv_prog_CPP='gcc -E'
ac_cv_prog_CXXCPP='g++ -E'
ac_cv_prog_ac_ct_AR=ar
ac_cv_prog_ac_ct_CC=gcc
ac_cv_prog_ac_ct_CXX=g++
ac_cv_prog_ac_ct_MANIFEST_TOOL=mt
ac_cv_prog_ac_ct_OBJDUMP=objdump
ac_cv_prog_ac_ct_RANLIB=ranlib
ac_cv_prog_ac_ct_STRIP=strip
ac_cv_prog_cc_c89=
ac_cv_prog_cc_g=yes
ac_cv_prog_cxx_g=yes
ac_cv_prog_make_make_set=yes
ac_cv_search_opendir='none required'
ac_cv_struct_tm=time.h
ac_cv_type_off_t=yes
ac_cv_type_pid_t=yes
ac_cv_type_signal=void
ac_cv_type_size_t=yes
ac_cv_type_uid_t=yes
bash_cv_signal_vintage=posix
lt_cv_ar_at_file=@
lt_cv_archive_cmds_need_lc=no
lt_cv_deplibs_check_method=pass_all
lt_cv_file_magic_cmd='$MAGIC_CMD'
lt_cv_file_magic_test_file=
lt_cv_ld_reload_flag=-r
lt_cv_nm_interface='BSD nm'
lt_cv_objdir=.libs
lt_cv_path_LD=/usr/bin/ld
lt_cv_path_LDCXX='/usr/bin/ld -m elf_x86_64'
lt_cv_path_NM='/usr/bin/nm -B'
lt_cv_path_mainfest_tool=no
lt_cv_prog_compiler_c_o=yes
lt_cv_prog_compiler_c_o_CXX=yes
lt_cv_prog_compiler_pic='-fPIC -DPIC'
lt_cv_prog_compiler_pic_CXX='-fPIC -DPIC'
lt_cv_prog_compiler_pic_works=yes
lt_cv_prog_compiler_pic_works_CXX=yes
lt_cv_prog_compiler_rtti_exceptions=no
lt_cv_prog_compiler_static_works=yes
lt_cv_prog_compiler_static_works_CXX=yes
lt_cv_prog_gnu_ld=yes
lt_cv_prog_gnu_ldcxx=yes
lt_cv_sharedlib_from_linklib_cmd='printf %s\n'
lt_cv_shlibpath_overrides_runpath=no
lt_cv_sys_global_symbol_pipe='sed -n -e '\''s/^.*[	 ]\([ABCDGIRSTW][ABCDGIRSTW]*\)[	 ][	 ]*\([_A-Za-z][_A-Za-z0-9]*\)$/\1 \2 \2/p'\'' | sed '\''/ __gnu_lto/d'\'''
lt_cv_sys_global_symbol_to_c_name_address='sed -n -e '\''s/^: \([^ ]*\)[ ]*$/  {\"\1\", (void *) 0},/p'\'' -e '\''s/^[ABCDGIRSTW]* \([^ ]*\) \([^ ]*\)$/  {"\2", (void *) \&\2},/p'\'''
lt_cv_sys_global_symbol_to_c_name_address_lib_prefix='sed -n -e '\''s/^: \([^ ]*\)[ ]*$/  {\"\1\", (void *) 0},/p'\'' -e '\''s/^[ABCDGIRSTW]* \([^ ]*\) \(lib[^ ]*\)$/  {"\2", (void *) \&\2},/p'\'' -e '\''s/^[ABCDGIRSTW]* \([^ ]*\) \([^ ]*\)$/  {"lib\2", (void *) \&\2},/p'\'''
lt_cv_sys_global_symbol_to_cdecl='sed -n -e '\''s/^T .* \(.*\)$/extern int \1();/p'\'' -e '\''s/^[ABCDGIRSTW]* .* \(.*\)$/extern char \1;/p'\'''
lt_cv_sys_max_cmd_len=1572864
lt_cv_to_host_file_cmd=func_convert_file_noop
lt_cv_to_tool_file_cmd=func_convert_file_noop

## ----------------- ##
## Output variables. ##
## ----------------- ##

AR='ar'
AWK='gawk'
CARBON_FALSE=''
CARBON_TRUE='#'
CC='gcc'
CFLAGS='-g -O2'
CPP='gcc -E'
CPPFLAGS=''
CXX='g++'
CXXCPP='g++ -E'
CXXFLAGS='-g -O2'
CYGWIN_FALSE=''
CYGWIN_TRUE='#'
DEFS='-DHAVE_CONFIG_H'
DLLTOOL='false'
DSYMUTIL=''
DUMPBIN=''
ECHO_C=''
ECHO_N='-n'
ECHO_T=''
EGREP='/bin/grep -E'
EXEEXT=''
FGREP='/bin/grep -F'
GREP='/bin/grep'
INSTALL_DATA='${INSTALL} -m 644'
INSTALL_PROGRAM='${INSTALL}'
INSTALL_SCRIPT='${INSTALL}'
LD='/usr/bin/ld -m elf_x86_64'
LDFLAGS=''
LIBM='-lm'
LIBOBJS=''
LIBS=' -lm'
LIBTOOL='$(SHELL) $(top_builddir)/libtool'
LIPO=''
LN_S='ln -s'
LTLIBOBJS=''
MANIFEST_TOOL=':'
MINGW_FALSE=''
MINGW_LIBS=''
MINGW_TRUE='#'
NM='/usr/bin/nm -B'
NMEDIT=''
OBJDUMP='objdump'
OBJEXT='o'
OTOOL64=''
OTOOL=''
PACKAGE='iv'
PACKAGE_BUGREPORT=''
PACKAGE_NAME=''
PACKAGE_STRING=''
PACKAGE_TARNAME=''
PACKAGE_URL=''
PACKAGE_VERSION=''
PATH_SEPARATOR=':'
RANLIB='ranlib'
SED='/bin/sed'
SET_MAKE=''
SHELL='/bin/bash'
STRIP='strip'
VERSION='3.2b.hines18'
XMKMF=''
X_CFLAGS=''
X_EXTRA_LIBS=''
X_LIBS=''
X_PRE_LIBS=' -lSM -lICE'
ac_ct_AR='ar'
ac_ct_CC='gcc'
ac_ct_CXX='g++'
ac_ct_DUMPBIN=''
bindir='${exec_prefix}/bin'
build='x86_64-unknown-linux-gnu'
build_alias=''
build_cpu='x86_64'
build_os='linux-gnu'
build_vendor='unknown'
datadir='${datarootdir}'
datarootdir='${prefix}/share'
docdir='${datarootdir}/doc/${PACKAGE}'
dvidir='${docdir}'
exec_prefix='/home/job/neuron/iv/x86_64'
host='x86_64-unknown-linux-gnu'
host_alias=''
host_cpu='x86_64'
host_os='linux-gnu'
host_vendor='unknown'
htmldir='${docdir}'
includedir='${prefix}/include'
infodir='${datarootdir}/info'
libdir='${exec_prefix}/lib'
libexecdir='${exec_prefix}/libexec'
localedir='${datarootdir}/locale'
localstatedir='${prefix}/var'
mandir='${datarootdir}/man'
oldincludedir='/usr/include'
pdfdir='${docdir}'
prefix='/home/job/neuron/iv'
program_transform_name='s,x,x,'
psdir='${docdir}'
sbindir='${exec_prefix}/sbin'
sharedstatedir='${prefix}/com'
sysconfdir='${prefix}/etc'
target_alias=''

## ----------- ##
## confdefs.h. ##
## ----------- ##

/* confdefs.h */
#define PACKAGE_NAME ""
#define PACKAGE_TARNAME ""
#define PACKAGE_VERSION ""
#define PACKAGE_STRING ""
#define PACKAGE_BUGREPORT ""
#define PACKAGE_URL ""
#define STDC_HEADERS 1
#define HAVE_SYS_TYPES_H 1
#define HAVE_SYS_STAT_H 1
#define HAVE_STDLIB_H 1
#define HAVE_STRING_H 1
#define HAVE_MEMORY_H 1
#define HAVE_STRINGS_H 1
#define HAVE_INTTYPES_H 1
#define HAVE_STDINT_H 1
#define HAVE_UNISTD_H 1
#define HAVE_DLFCN_H 1
#define LT_OBJDIR ".libs/"
#define HAVE_NAMESPACES /**/
#define HAVE_SSTREAM /**/
#define HAVE_DIRENT_H 1
#define STDC_HEADERS 1
#define HAVE_SYS_WAIT_H 1
#define HAVE_FCNTL_H 1
#define HAVE_MALLOC_H 1
#define HAVE_SYS_FILE_H 1
#define HAVE_SYS_IOCTL_H 1
#define HAVE_SYS_TIME_H 1
#define HAVE_UNISTD_H 1
#define HAVE_SYS_SELECT_H 1
#define HAVE_SYS_STAT_H 1
#define HAVE_SYS_MMAN_H 1
#define HAVE_STROPTS_H 1
#define IVOS_FABS ::fabs
#define TIME_WITH_SYS_TIME 1
#define HAVE_STDLIB_H 1
#define HAVE_UNISTD_H 1
#define HAVE_SYS_PARAM_H 1
#define HAVE_GETPAGESIZE 1
#define HAVE_MMAP 1
#define RETSIGTYPE void
#define HAVE_VPRINTF 1
#define HAVE_GETCWD 1
#define HAVE_GETHOSTNAME 1
#define HAVE_GETTIMEOFDAY 1
#define HAVE_REGCOMP 1
#define HAVE_SELECT 1
#define HAVE_SOCKET 1
#define HAVE_STRCSPN 1
#define HAVE_STRERROR 1
#define HAVE_STRTOD 1
#define HAVE_STRTOL 1
#define HAVE_UNAME 1
#define HAVE_POSIX_SIGNALS /**/

configure: exit 0
